  Determining projects to restore...
  All projects are up-to-date for restore.
  Finova.Core -> C:\Users\flori\source\repos\Finova\Finova Nuget\src\Finova.Core\bin\Debug\net10.0\Finova.Core.dll
  Finova.Core -> C:\Users\flori\source\repos\Finova\Finova Nuget\src\Finova.Core\bin\Debug\net8.0\Finova.Core.dll
  Finova -> C:\Users\flori\source\repos\Finova\Finova Nuget\src\Finova\bin\Debug\net10.0\Finova.dll
  Finova.Extensions.FluentValidation -> C:\Users\flori\source\repos\Finova\Finova Nuget\src\Finova.Extensions.FluentValidation\bin\Debug\net10.0\Finova.Extensions.FluentValidation.dll
  Finova -> C:\Users\flori\source\repos\Finova\Finova Nuget\src\Finova\bin\Debug\net8.0\Finova.dll
  Finova.Extensions.FluentValidation -> C:\Users\flori\source\repos\Finova\Finova Nuget\src\Finova.Extensions.FluentValidation\bin\Debug\net8.0\Finova.Extensions.FluentValidation.dll
C:\Users\flori\source\repos\Finova\Finova Nuget\tests\Finova.Tests\Core\Internals\IsoReferenceValidatorTests.cs(17,45): error CS0117: 'IsoReferenceValidator' does not contain a definition for 'IsValid' [C:\Users\flori\source\repos\Finova\Finova Nuget\tests\Finova.Tests\Finova.Tests.csproj::TargetFramework=net10.0]
C:\Users\flori\source\repos\Finova\Finova Nuget\tests\Finova.Tests\Core\Internals\IsoReferenceValidatorTests.cs(18,45): error CS0117: 'IsoReferenceValidator' does not contain a definition for 'IsValid' [C:\Users\flori\source\repos\Finova\Finova Nuget\tests\Finova.Tests\Finova.Tests.csproj::TargetFramework=net10.0]
C:\Users\flori\source\repos\Finova\Finova Nuget\tests\Finova.Tests\Core\Internals\IsoReferenceValidatorTests.cs(32,44): error CS0117: 'IsoReferenceValidator' does not contain a definition for 'IsValid' [C:\Users\flori\source\repos\Finova\Finova Nuget\tests\Finova.Tests\Finova.Tests.csproj::TargetFramework=net10.0]
C:\Users\flori\source\repos\Finova\Finova Nuget\tests\Finova.Tests\Core\Internals\IsoReferenceValidatorTests.cs(45,44): error CS0117: 'IsoReferenceValidator' does not contain a definition for 'IsValid' [C:\Users\flori\source\repos\Finova\Finova Nuget\tests\Finova.Tests\Finova.Tests.csproj::TargetFramework=net10.0]
C:\Users\flori\source\repos\Finova\Finova Nuget\tests\Finova.Tests\Core\Internals\IsoReferenceValidatorTests.cs(58,44): error CS0117: 'IsoReferenceValidator' does not contain a definition for 'IsValid' [C:\Users\flori\source\repos\Finova\Finova Nuget\tests\Finova.Tests\Finova.Tests.csproj::TargetFramework=net10.0]
C:\Users\flori\source\repos\Finova\Finova Nuget\tests\Finova.Tests\Core\Internals\IsoReferenceValidatorTests.cs(72,44): error CS0117: 'IsoReferenceValidator' does not contain a definition for 'IsValid' [C:\Users\flori\source\repos\Finova\Finova Nuget\tests\Finova.Tests\Finova.Tests.csproj::TargetFramework=net10.0]
C:\Users\flori\source\repos\Finova\Finova Nuget\tests\Finova.Tests\Core\Internals\IsoReferenceValidatorTests.cs(86,44): error CS0117: 'IsoReferenceValidator' does not contain a definition for 'IsValid' [C:\Users\flori\source\repos\Finova\Finova Nuget\tests\Finova.Tests\Finova.Tests.csproj::TargetFramework=net10.0]
C:\Users\flori\source\repos\Finova\Finova Nuget\tests\Finova.Tests\Core\Internals\IsoReferenceValidatorTests.cs(99,44): error CS0117: 'IsoReferenceValidator' does not contain a definition for 'IsValid' [C:\Users\flori\source\repos\Finova\Finova Nuget\tests\Finova.Tests\Finova.Tests.csproj::TargetFramework=net10.0]
C:\Users\flori\source\repos\Finova\Finova Nuget\tests\Finova.Tests\Core\Internals\IsoReferenceValidatorTests.cs(112,44): error CS0117: 'IsoReferenceValidator' does not contain a definition for 'IsValid' [C:\Users\flori\source\repos\Finova\Finova Nuget\tests\Finova.Tests\Finova.Tests.csproj::TargetFramework=net10.0]
C:\Users\flori\source\repos\Finova\Finova Nuget\tests\Finova.Tests\Core\Internals\IsoReferenceValidatorTests.cs(126,45): error CS0117: 'IsoReferenceValidator' does not contain a definition for 'IsValid' [C:\Users\flori\source\repos\Finova\Finova Nuget\tests\Finova.Tests\Finova.Tests.csproj::TargetFramework=net10.0]
C:\Users\flori\source\repos\Finova\Finova Nuget\tests\Finova.Tests\Core\Internals\IsoReferenceValidatorTests.cs(127,45): error CS0117: 'IsoReferenceValidator' does not contain a definition for 'IsValid' [C:\Users\flori\source\repos\Finova\Finova Nuget\tests\Finova.Tests\Finova.Tests.csproj::TargetFramework=net10.0]
C:\Users\flori\source\repos\Finova\Finova Nuget\tests\Finova.Tests\Core\Internals\IsoReferenceValidatorTests.cs(141,44): error CS0117: 'IsoReferenceValidator' does not contain a definition for 'IsValid' [C:\Users\flori\source\repos\Finova\Finova Nuget\tests\Finova.Tests\Finova.Tests.csproj::TargetFramework=net10.0]
C:\Users\flori\source\repos\Finova\Finova Nuget\tests\Finova.Tests\Core\Internals\IsoReferenceValidatorTests.cs(155,44): error CS0117: 'IsoReferenceValidator' does not contain a definition for 'IsValid' [C:\Users\flori\source\repos\Finova\Finova Nuget\tests\Finova.Tests\Finova.Tests.csproj::TargetFramework=net10.0]
C:\Users\flori\source\repos\Finova\Finova Nuget\tests\Finova.Tests\Core\Internals\IsoReferenceValidatorTests.cs(170,45): error CS0117: 'IsoReferenceValidator' does not contain a definition for 'IsValid' [C:\Users\flori\source\repos\Finova\Finova Nuget\tests\Finova.Tests\Finova.Tests.csproj::TargetFramework=net10.0]
C:\Users\flori\source\repos\Finova\Finova Nuget\tests\Finova.Tests\Core\Internals\IsoReferenceValidatorTests.cs(171,45): error CS0117: 'IsoReferenceValidator' does not contain a definition for 'IsValid' [C:\Users\flori\source\repos\Finova\Finova Nuget\tests\Finova.Tests\Finova.Tests.csproj::TargetFramework=net10.0]
C:\Users\flori\source\repos\Finova\Finova Nuget\tests\Finova.Tests\Core\Internals\IsoReferenceValidatorTests.cs(185,44): error CS0117: 'IsoReferenceValidator' does not contain a definition for 'IsValid' [C:\Users\flori\source\repos\Finova\Finova Nuget\tests\Finova.Tests\Finova.Tests.csproj::TargetFramework=net10.0]
C:\Users\flori\source\repos\Finova\Finova Nuget\tests\Finova.Tests\Core\Internals\IsoReferenceValidatorTests.cs(204,48): error CS0117: 'IsoReferenceValidator' does not contain a definition for 'IsValid' [C:\Users\flori\source\repos\Finova\Finova Nuget\tests\Finova.Tests\Finova.Tests.csproj::TargetFramework=net10.0]
C:\Users\flori\source\repos\Finova\Finova Nuget\tests\Finova.Tests\Core\Internals\IsoReferenceValidatorTests.cs(205,49): error CS0117: 'IsoReferenceValidator' does not contain a definition for 'IsValid' [C:\Users\flori\source\repos\Finova\Finova Nuget\tests\Finova.Tests\Finova.Tests.csproj::TargetFramework=net10.0]
C:\Users\flori\source\repos\Finova\Finova Nuget\tests\Finova.Tests\Core\Internals\IsoReferenceValidatorTests.cs(206,47): error CS0117: 'IsoReferenceValidator' does not contain a definition for 'IsValid' [C:\Users\flori\source\repos\Finova\Finova Nuget\tests\Finova.Tests\Finova.Tests.csproj::TargetFramework=net10.0]
C:\Users\flori\source\repos\Finova\Finova Nuget\tests\Finova.Tests\Core\Internals\IsoReferenceHelperTests.cs(35,31): error CS0117: 'IsoReferenceValidator' does not contain a definition for 'IsValid' [C:\Users\flori\source\repos\Finova\Finova Nuget\tests\Finova.Tests\Finova.Tests.csproj::TargetFramework=net10.0]
C:\Users\flori\source\repos\Finova\Finova Nuget\tests\Finova.Tests\Core\Internals\IsoReferenceHelperTests.cs(50,31): error CS0117: 'IsoReferenceValidator' does not contain a definition for 'IsValid' [C:\Users\flori\source\repos\Finova\Finova Nuget\tests\Finova.Tests\Finova.Tests.csproj::TargetFramework=net10.0]
C:\Users\flori\source\repos\Finova\Finova Nuget\tests\Finova.Tests\Core\Internals\IsoReferenceHelperTests.cs(68,31): error CS0117: 'IsoReferenceValidator' does not contain a definition for 'IsValid' [C:\Users\flori\source\repos\Finova\Finova Nuget\tests\Finova.Tests\Finova.Tests.csproj::TargetFramework=net10.0]
C:\Users\flori\source\repos\Finova\Finova Nuget\tests\Finova.Tests\Core\Internals\IsoReferenceHelperTests.cs(69,31): error CS0117: 'IsoReferenceValidator' does not contain a definition for 'IsValid' [C:\Users\flori\source\repos\Finova\Finova Nuget\tests\Finova.Tests\Finova.Tests.csproj::TargetFramework=net10.0]
C:\Users\flori\source\repos\Finova\Finova Nuget\tests\Finova.Tests\Core\Internals\IsoReferenceHelperTests.cs(70,31): error CS0117: 'IsoReferenceValidator' does not contain a definition for 'IsValid' [C:\Users\flori\source\repos\Finova\Finova Nuget\tests\Finova.Tests\Finova.Tests.csproj::TargetFramework=net10.0]
C:\Users\flori\source\repos\Finova\Finova Nuget\tests\Finova.Tests\Core\Internals\IsoReferenceHelperTests.cs(100,31): error CS0117: 'IsoReferenceValidator' does not contain a definition for 'IsValid' [C:\Users\flori\source\repos\Finova\Finova Nuget\tests\Finova.Tests\Finova.Tests.csproj::TargetFramework=net10.0]
C:\Users\flori\source\repos\Finova\Finova Nuget\tests\Finova.Tests\Core\Internals\IsoReferenceHelperTests.cs(115,31): error CS0117: 'IsoReferenceValidator' does not contain a definition for 'IsValid' [C:\Users\flori\source\repos\Finova\Finova Nuget\tests\Finova.Tests\Finova.Tests.csproj::TargetFramework=net10.0]
C:\Users\flori\source\repos\Finova\Finova Nuget\tests\Finova.Tests\Core\Internals\IsoReferenceHelperTests.cs(142,31): error CS0117: 'IsoReferenceValidator' does not contain a definition for 'IsValid' [C:\Users\flori\source\repos\Finova\Finova Nuget\tests\Finova.Tests\Finova.Tests.csproj::TargetFramework=net10.0]
C:\Users\flori\source\repos\Finova\Finova Nuget\tests\Finova.Tests\Core\Internals\IsoReferenceHelperTests.cs(157,31): error CS0117: 'IsoReferenceValidator' does not contain a definition for 'IsValid' [C:\Users\flori\source\repos\Finova\Finova Nuget\tests\Finova.Tests\Finova.Tests.csproj::TargetFramework=net10.0]
C:\Users\flori\source\repos\Finova\Finova Nuget\tests\Finova.Tests\Core\Internals\IsoReferenceHelperTests.cs(35,31): error CS0117: 'IsoReferenceValidator' does not contain a definition for 'IsValid' [C:\Users\flori\source\repos\Finova\Finova Nuget\tests\Finova.Tests\Finova.Tests.csproj::TargetFramework=net8.0]
C:\Users\flori\source\repos\Finova\Finova Nuget\tests\Finova.Tests\Core\Internals\IsoReferenceValidatorTests.cs(17,45): error CS0117: 'IsoReferenceValidator' does not contain a definition for 'IsValid' [C:\Users\flori\source\repos\Finova\Finova Nuget\tests\Finova.Tests\Finova.Tests.csproj::TargetFramework=net8.0]
C:\Users\flori\source\repos\Finova\Finova Nuget\tests\Finova.Tests\Core\Internals\IsoReferenceValidatorTests.cs(18,45): error CS0117: 'IsoReferenceValidator' does not contain a definition for 'IsValid' [C:\Users\flori\source\repos\Finova\Finova Nuget\tests\Finova.Tests\Finova.Tests.csproj::TargetFramework=net8.0]
C:\Users\flori\source\repos\Finova\Finova Nuget\tests\Finova.Tests\Core\Internals\IsoReferenceValidatorTests.cs(32,44): error CS0117: 'IsoReferenceValidator' does not contain a definition for 'IsValid' [C:\Users\flori\source\repos\Finova\Finova Nuget\tests\Finova.Tests\Finova.Tests.csproj::TargetFramework=net8.0]
C:\Users\flori\source\repos\Finova\Finova Nuget\tests\Finova.Tests\Core\Internals\IsoReferenceValidatorTests.cs(45,44): error CS0117: 'IsoReferenceValidator' does not contain a definition for 'IsValid' [C:\Users\flori\source\repos\Finova\Finova Nuget\tests\Finova.Tests\Finova.Tests.csproj::TargetFramework=net8.0]
C:\Users\flori\source\repos\Finova\Finova Nuget\tests\Finova.Tests\Core\Internals\IsoReferenceHelperTests.cs(50,31): error CS0117: 'IsoReferenceValidator' does not contain a definition for 'IsValid' [C:\Users\flori\source\repos\Finova\Finova Nuget\tests\Finova.Tests\Finova.Tests.csproj::TargetFramework=net8.0]
C:\Users\flori\source\repos\Finova\Finova Nuget\tests\Finova.Tests\Core\Internals\IsoReferenceValidatorTests.cs(58,44): error CS0117: 'IsoReferenceValidator' does not contain a definition for 'IsValid' [C:\Users\flori\source\repos\Finova\Finova Nuget\tests\Finova.Tests\Finova.Tests.csproj::TargetFramework=net8.0]
C:\Users\flori\source\repos\Finova\Finova Nuget\tests\Finova.Tests\Core\Internals\IsoReferenceValidatorTests.cs(72,44): error CS0117: 'IsoReferenceValidator' does not contain a definition for 'IsValid' [C:\Users\flori\source\repos\Finova\Finova Nuget\tests\Finova.Tests\Finova.Tests.csproj::TargetFramework=net8.0]
C:\Users\flori\source\repos\Finova\Finova Nuget\tests\Finova.Tests\Core\Internals\IsoReferenceValidatorTests.cs(86,44): error CS0117: 'IsoReferenceValidator' does not contain a definition for 'IsValid' [C:\Users\flori\source\repos\Finova\Finova Nuget\tests\Finova.Tests\Finova.Tests.csproj::TargetFramework=net8.0]
C:\Users\flori\source\repos\Finova\Finova Nuget\tests\Finova.Tests\Core\Internals\IsoReferenceValidatorTests.cs(99,44): error CS0117: 'IsoReferenceValidator' does not contain a definition for 'IsValid' [C:\Users\flori\source\repos\Finova\Finova Nuget\tests\Finova.Tests\Finova.Tests.csproj::TargetFramework=net8.0]
C:\Users\flori\source\repos\Finova\Finova Nuget\tests\Finova.Tests\Core\Internals\IsoReferenceHelperTests.cs(68,31): error CS0117: 'IsoReferenceValidator' does not contain a definition for 'IsValid' [C:\Users\flori\source\repos\Finova\Finova Nuget\tests\Finova.Tests\Finova.Tests.csproj::TargetFramework=net8.0]
C:\Users\flori\source\repos\Finova\Finova Nuget\tests\Finova.Tests\Core\Internals\IsoReferenceHelperTests.cs(69,31): error CS0117: 'IsoReferenceValidator' does not contain a definition for 'IsValid' [C:\Users\flori\source\repos\Finova\Finova Nuget\tests\Finova.Tests\Finova.Tests.csproj::TargetFramework=net8.0]
C:\Users\flori\source\repos\Finova\Finova Nuget\tests\Finova.Tests\Core\Internals\IsoReferenceHelperTests.cs(70,31): error CS0117: 'IsoReferenceValidator' does not contain a definition for 'IsValid' [C:\Users\flori\source\repos\Finova\Finova Nuget\tests\Finova.Tests\Finova.Tests.csproj::TargetFramework=net8.0]
C:\Users\flori\source\repos\Finova\Finova Nuget\tests\Finova.Tests\Core\Internals\IsoReferenceValidatorTests.cs(112,44): error CS0117: 'IsoReferenceValidator' does not contain a definition for 'IsValid' [C:\Users\flori\source\repos\Finova\Finova Nuget\tests\Finova.Tests\Finova.Tests.csproj::TargetFramework=net8.0]
C:\Users\flori\source\repos\Finova\Finova Nuget\tests\Finova.Tests\Core\Internals\IsoReferenceValidatorTests.cs(126,45): error CS0117: 'IsoReferenceValidator' does not contain a definition for 'IsValid' [C:\Users\flori\source\repos\Finova\Finova Nuget\tests\Finova.Tests\Finova.Tests.csproj::TargetFramework=net8.0]
C:\Users\flori\source\repos\Finova\Finova Nuget\tests\Finova.Tests\Core\Internals\IsoReferenceValidatorTests.cs(127,45): error CS0117: 'IsoReferenceValidator' does not contain a definition for 'IsValid' [C:\Users\flori\source\repos\Finova\Finova Nuget\tests\Finova.Tests\Finova.Tests.csproj::TargetFramework=net8.0]
C:\Users\flori\source\repos\Finova\Finova Nuget\tests\Finova.Tests\Core\Internals\IsoReferenceValidatorTests.cs(141,44): error CS0117: 'IsoReferenceValidator' does not contain a definition for 'IsValid' [C:\Users\flori\source\repos\Finova\Finova Nuget\tests\Finova.Tests\Finova.Tests.csproj::TargetFramework=net8.0]
C:\Users\flori\source\repos\Finova\Finova Nuget\tests\Finova.Tests\Core\Internals\IsoReferenceValidatorTests.cs(155,44): error CS0117: 'IsoReferenceValidator' does not contain a definition for 'IsValid' [C:\Users\flori\source\repos\Finova\Finova Nuget\tests\Finova.Tests\Finova.Tests.csproj::TargetFramework=net8.0]
C:\Users\flori\source\repos\Finova\Finova Nuget\tests\Finova.Tests\Core\Internals\IsoReferenceValidatorTests.cs(170,45): error CS0117: 'IsoReferenceValidator' does not contain a definition for 'IsValid' [C:\Users\flori\source\repos\Finova\Finova Nuget\tests\Finova.Tests\Finova.Tests.csproj::TargetFramework=net8.0]
C:\Users\flori\source\repos\Finova\Finova Nuget\tests\Finova.Tests\Core\Internals\IsoReferenceValidatorTests.cs(171,45): error CS0117: 'IsoReferenceValidator' does not contain a definition for 'IsValid' [C:\Users\flori\source\repos\Finova\Finova Nuget\tests\Finova.Tests\Finova.Tests.csproj::TargetFramework=net8.0]
C:\Users\flori\source\repos\Finova\Finova Nuget\tests\Finova.Tests\Core\Internals\IsoReferenceValidatorTests.cs(185,44): error CS0117: 'IsoReferenceValidator' does not contain a definition for 'IsValid' [C:\Users\flori\source\repos\Finova\Finova Nuget\tests\Finova.Tests\Finova.Tests.csproj::TargetFramework=net8.0]
C:\Users\flori\source\repos\Finova\Finova Nuget\tests\Finova.Tests\Core\Internals\IsoReferenceValidatorTests.cs(204,48): error CS0117: 'IsoReferenceValidator' does not contain a definition for 'IsValid' [C:\Users\flori\source\repos\Finova\Finova Nuget\tests\Finova.Tests\Finova.Tests.csproj::TargetFramework=net8.0]
C:\Users\flori\source\repos\Finova\Finova Nuget\tests\Finova.Tests\Core\Internals\IsoReferenceValidatorTests.cs(205,49): error CS0117: 'IsoReferenceValidator' does not contain a definition for 'IsValid' [C:\Users\flori\source\repos\Finova\Finova Nuget\tests\Finova.Tests\Finova.Tests.csproj::TargetFramework=net8.0]
C:\Users\flori\source\repos\Finova\Finova Nuget\tests\Finova.Tests\Core\Internals\IsoReferenceValidatorTests.cs(206,47): error CS0117: 'IsoReferenceValidator' does not contain a definition for 'IsValid' [C:\Users\flori\source\repos\Finova\Finova Nuget\tests\Finova.Tests\Finova.Tests.csproj::TargetFramework=net8.0]
C:\Users\flori\source\repos\Finova\Finova Nuget\tests\Finova.Tests\Core\Internals\IsoReferenceHelperTests.cs(100,31): error CS0117: 'IsoReferenceValidator' does not contain a definition for 'IsValid' [C:\Users\flori\source\repos\Finova\Finova Nuget\tests\Finova.Tests\Finova.Tests.csproj::TargetFramework=net8.0]
C:\Users\flori\source\repos\Finova\Finova Nuget\tests\Finova.Tests\Core\Internals\IsoReferenceHelperTests.cs(115,31): error CS0117: 'IsoReferenceValidator' does not contain a definition for 'IsValid' [C:\Users\flori\source\repos\Finova\Finova Nuget\tests\Finova.Tests\Finova.Tests.csproj::TargetFramework=net8.0]
C:\Users\flori\source\repos\Finova\Finova Nuget\tests\Finova.Tests\Core\Internals\IsoReferenceHelperTests.cs(142,31): error CS0117: 'IsoReferenceValidator' does not contain a definition for 'IsValid' [C:\Users\flori\source\repos\Finova\Finova Nuget\tests\Finova.Tests\Finova.Tests.csproj::TargetFramework=net8.0]
C:\Users\flori\source\repos\Finova\Finova Nuget\tests\Finova.Tests\Core\Internals\IsoReferenceHelperTests.cs(157,31): error CS0117: 'IsoReferenceValidator' does not contain a definition for 'IsValid' [C:\Users\flori\source\repos\Finova\Finova Nuget\tests\Finova.Tests\Finova.Tests.csproj::TargetFramework=net8.0]

Build FAILED.

C:\Users\flori\source\repos\Finova\Finova Nuget\tests\Finova.Tests\Core\Internals\IsoReferenceValidatorTests.cs(17,45): error CS0117: 'IsoReferenceValidator' does not contain a definition for 'IsValid' [C:\Users\flori\source\repos\Finova\Finova Nuget\tests\Finova.Tests\Finova.Tests.csproj::TargetFramework=net10.0]
C:\Users\flori\source\repos\Finova\Finova Nuget\tests\Finova.Tests\Core\Internals\IsoReferenceValidatorTests.cs(18,45): error CS0117: 'IsoReferenceValidator' does not contain a definition for 'IsValid' [C:\Users\flori\source\repos\Finova\Finova Nuget\tests\Finova.Tests\Finova.Tests.csproj::TargetFramework=net10.0]
C:\Users\flori\source\repos\Finova\Finova Nuget\tests\Finova.Tests\Core\Internals\IsoReferenceValidatorTests.cs(32,44): error CS0117: 'IsoReferenceValidator' does not contain a definition for 'IsValid' [C:\Users\flori\source\repos\Finova\Finova Nuget\tests\Finova.Tests\Finova.Tests.csproj::TargetFramework=net10.0]
C:\Users\flori\source\repos\Finova\Finova Nuget\tests\Finova.Tests\Core\Internals\IsoReferenceValidatorTests.cs(45,44): error CS0117: 'IsoReferenceValidator' does not contain a definition for 'IsValid' [C:\Users\flori\source\repos\Finova\Finova Nuget\tests\Finova.Tests\Finova.Tests.csproj::TargetFramework=net10.0]
C:\Users\flori\source\repos\Finova\Finova Nuget\tests\Finova.Tests\Core\Internals\IsoReferenceValidatorTests.cs(58,44): error CS0117: 'IsoReferenceValidator' does not contain a definition for 'IsValid' [C:\Users\flori\source\repos\Finova\Finova Nuget\tests\Finova.Tests\Finova.Tests.csproj::TargetFramework=net10.0]
C:\Users\flori\source\repos\Finova\Finova Nuget\tests\Finova.Tests\Core\Internals\IsoReferenceValidatorTests.cs(72,44): error CS0117: 'IsoReferenceValidator' does not contain a definition for 'IsValid' [C:\Users\flori\source\repos\Finova\Finova Nuget\tests\Finova.Tests\Finova.Tests.csproj::TargetFramework=net10.0]
C:\Users\flori\source\repos\Finova\Finova Nuget\tests\Finova.Tests\Core\Internals\IsoReferenceValidatorTests.cs(86,44): error CS0117: 'IsoReferenceValidator' does not contain a definition for 'IsValid' [C:\Users\flori\source\repos\Finova\Finova Nuget\tests\Finova.Tests\Finova.Tests.csproj::TargetFramework=net10.0]
C:\Users\flori\source\repos\Finova\Finova Nuget\tests\Finova.Tests\Core\Internals\IsoReferenceValidatorTests.cs(99,44): error CS0117: 'IsoReferenceValidator' does not contain a definition for 'IsValid' [C:\Users\flori\source\repos\Finova\Finova Nuget\tests\Finova.Tests\Finova.Tests.csproj::TargetFramework=net10.0]
C:\Users\flori\source\repos\Finova\Finova Nuget\tests\Finova.Tests\Core\Internals\IsoReferenceValidatorTests.cs(112,44): error CS0117: 'IsoReferenceValidator' does not contain a definition for 'IsValid' [C:\Users\flori\source\repos\Finova\Finova Nuget\tests\Finova.Tests\Finova.Tests.csproj::TargetFramework=net10.0]
C:\Users\flori\source\repos\Finova\Finova Nuget\tests\Finova.Tests\Core\Internals\IsoReferenceValidatorTests.cs(126,45): error CS0117: 'IsoReferenceValidator' does not contain a definition for 'IsValid' [C:\Users\flori\source\repos\Finova\Finova Nuget\tests\Finova.Tests\Finova.Tests.csproj::TargetFramework=net10.0]
C:\Users\flori\source\repos\Finova\Finova Nuget\tests\Finova.Tests\Core\Internals\IsoReferenceValidatorTests.cs(127,45): error CS0117: 'IsoReferenceValidator' does not contain a definition for 'IsValid' [C:\Users\flori\source\repos\Finova\Finova Nuget\tests\Finova.Tests\Finova.Tests.csproj::TargetFramework=net10.0]
C:\Users\flori\source\repos\Finova\Finova Nuget\tests\Finova.Tests\Core\Internals\IsoReferenceValidatorTests.cs(141,44): error CS0117: 'IsoReferenceValidator' does not contain a definition for 'IsValid' [C:\Users\flori\source\repos\Finova\Finova Nuget\tests\Finova.Tests\Finova.Tests.csproj::TargetFramework=net10.0]
C:\Users\flori\source\repos\Finova\Finova Nuget\tests\Finova.Tests\Core\Internals\IsoReferenceValidatorTests.cs(155,44): error CS0117: 'IsoReferenceValidator' does not contain a definition for 'IsValid' [C:\Users\flori\source\repos\Finova\Finova Nuget\tests\Finova.Tests\Finova.Tests.csproj::TargetFramework=net10.0]
C:\Users\flori\source\repos\Finova\Finova Nuget\tests\Finova.Tests\Core\Internals\IsoReferenceValidatorTests.cs(170,45): error CS0117: 'IsoReferenceValidator' does not contain a definition for 'IsValid' [C:\Users\flori\source\repos\Finova\Finova Nuget\tests\Finova.Tests\Finova.Tests.csproj::TargetFramework=net10.0]
C:\Users\flori\source\repos\Finova\Finova Nuget\tests\Finova.Tests\Core\Internals\IsoReferenceValidatorTests.cs(171,45): error CS0117: 'IsoReferenceValidator' does not contain a definition for 'IsValid' [C:\Users\flori\source\repos\Finova\Finova Nuget\tests\Finova.Tests\Finova.Tests.csproj::TargetFramework=net10.0]
C:\Users\flori\source\repos\Finova\Finova Nuget\tests\Finova.Tests\Core\Internals\IsoReferenceValidatorTests.cs(185,44): error CS0117: 'IsoReferenceValidator' does not contain a definition for 'IsValid' [C:\Users\flori\source\repos\Finova\Finova Nuget\tests\Finova.Tests\Finova.Tests.csproj::TargetFramework=net10.0]
C:\Users\flori\source\repos\Finova\Finova Nuget\tests\Finova.Tests\Core\Internals\IsoReferenceValidatorTests.cs(204,48): error CS0117: 'IsoReferenceValidator' does not contain a definition for 'IsValid' [C:\Users\flori\source\repos\Finova\Finova Nuget\tests\Finova.Tests\Finova.Tests.csproj::TargetFramework=net10.0]
C:\Users\flori\source\repos\Finova\Finova Nuget\tests\Finova.Tests\Core\Internals\IsoReferenceValidatorTests.cs(205,49): error CS0117: 'IsoReferenceValidator' does not contain a definition for 'IsValid' [C:\Users\flori\source\repos\Finova\Finova Nuget\tests\Finova.Tests\Finova.Tests.csproj::TargetFramework=net10.0]
C:\Users\flori\source\repos\Finova\Finova Nuget\tests\Finova.Tests\Core\Internals\IsoReferenceValidatorTests.cs(206,47): error CS0117: 'IsoReferenceValidator' does not contain a definition for 'IsValid' [C:\Users\flori\source\repos\Finova\Finova Nuget\tests\Finova.Tests\Finova.Tests.csproj::TargetFramework=net10.0]
C:\Users\flori\source\repos\Finova\Finova Nuget\tests\Finova.Tests\Core\Internals\IsoReferenceHelperTests.cs(35,31): error CS0117: 'IsoReferenceValidator' does not contain a definition for 'IsValid' [C:\Users\flori\source\repos\Finova\Finova Nuget\tests\Finova.Tests\Finova.Tests.csproj::TargetFramework=net10.0]
C:\Users\flori\source\repos\Finova\Finova Nuget\tests\Finova.Tests\Core\Internals\IsoReferenceHelperTests.cs(50,31): error CS0117: 'IsoReferenceValidator' does not contain a definition for 'IsValid' [C:\Users\flori\source\repos\Finova\Finova Nuget\tests\Finova.Tests\Finova.Tests.csproj::TargetFramework=net10.0]
C:\Users\flori\source\repos\Finova\Finova Nuget\tests\Finova.Tests\Core\Internals\IsoReferenceHelperTests.cs(68,31): error CS0117: 'IsoReferenceValidator' does not contain a definition for 'IsValid' [C:\Users\flori\source\repos\Finova\Finova Nuget\tests\Finova.Tests\Finova.Tests.csproj::TargetFramework=net10.0]
C:\Users\flori\source\repos\Finova\Finova Nuget\tests\Finova.Tests\Core\Internals\IsoReferenceHelperTests.cs(69,31): error CS0117: 'IsoReferenceValidator' does not contain a definition for 'IsValid' [C:\Users\flori\source\repos\Finova\Finova Nuget\tests\Finova.Tests\Finova.Tests.csproj::TargetFramework=net10.0]
C:\Users\flori\source\repos\Finova\Finova Nuget\tests\Finova.Tests\Core\Internals\IsoReferenceHelperTests.cs(70,31): error CS0117: 'IsoReferenceValidator' does not contain a definition for 'IsValid' [C:\Users\flori\source\repos\Finova\Finova Nuget\tests\Finova.Tests\Finova.Tests.csproj::TargetFramework=net10.0]
C:\Users\flori\source\repos\Finova\Finova Nuget\tests\Finova.Tests\Core\Internals\IsoReferenceHelperTests.cs(100,31): error CS0117: 'IsoReferenceValidator' does not contain a definition for 'IsValid' [C:\Users\flori\source\repos\Finova\Finova Nuget\tests\Finova.Tests\Finova.Tests.csproj::TargetFramework=net10.0]
C:\Users\flori\source\repos\Finova\Finova Nuget\tests\Finova.Tests\Core\Internals\IsoReferenceHelperTests.cs(115,31): error CS0117: 'IsoReferenceValidator' does not contain a definition for 'IsValid' [C:\Users\flori\source\repos\Finova\Finova Nuget\tests\Finova.Tests\Finova.Tests.csproj::TargetFramework=net10.0]
C:\Users\flori\source\repos\Finova\Finova Nuget\tests\Finova.Tests\Core\Internals\IsoReferenceHelperTests.cs(142,31): error CS0117: 'IsoReferenceValidator' does not contain a definition for 'IsValid' [C:\Users\flori\source\repos\Finova\Finova Nuget\tests\Finova.Tests\Finova.Tests.csproj::TargetFramework=net10.0]
C:\Users\flori\source\repos\Finova\Finova Nuget\tests\Finova.Tests\Core\Internals\IsoReferenceHelperTests.cs(157,31): error CS0117: 'IsoReferenceValidator' does not contain a definition for 'IsValid' [C:\Users\flori\source\repos\Finova\Finova Nuget\tests\Finova.Tests\Finova.Tests.csproj::TargetFramework=net10.0]
C:\Users\flori\source\repos\Finova\Finova Nuget\tests\Finova.Tests\Core\Internals\IsoReferenceHelperTests.cs(35,31): error CS0117: 'IsoReferenceValidator' does not contain a definition for 'IsValid' [C:\Users\flori\source\repos\Finova\Finova Nuget\tests\Finova.Tests\Finova.Tests.csproj::TargetFramework=net8.0]
C:\Users\flori\source\repos\Finova\Finova Nuget\tests\Finova.Tests\Core\Internals\IsoReferenceValidatorTests.cs(17,45): error CS0117: 'IsoReferenceValidator' does not contain a definition for 'IsValid' [C:\Users\flori\source\repos\Finova\Finova Nuget\tests\Finova.Tests\Finova.Tests.csproj::TargetFramework=net8.0]
C:\Users\flori\source\repos\Finova\Finova Nuget\tests\Finova.Tests\Core\Internals\IsoReferenceValidatorTests.cs(18,45): error CS0117: 'IsoReferenceValidator' does not contain a definition for 'IsValid' [C:\Users\flori\source\repos\Finova\Finova Nuget\tests\Finova.Tests\Finova.Tests.csproj::TargetFramework=net8.0]
C:\Users\flori\source\repos\Finova\Finova Nuget\tests\Finova.Tests\Core\Internals\IsoReferenceValidatorTests.cs(32,44): error CS0117: 'IsoReferenceValidator' does not contain a definition for 'IsValid' [C:\Users\flori\source\repos\Finova\Finova Nuget\tests\Finova.Tests\Finova.Tests.csproj::TargetFramework=net8.0]
C:\Users\flori\source\repos\Finova\Finova Nuget\tests\Finova.Tests\Core\Internals\IsoReferenceValidatorTests.cs(45,44): error CS0117: 'IsoReferenceValidator' does not contain a definition for 'IsValid' [C:\Users\flori\source\repos\Finova\Finova Nuget\tests\Finova.Tests\Finova.Tests.csproj::TargetFramework=net8.0]
C:\Users\flori\source\repos\Finova\Finova Nuget\tests\Finova.Tests\Core\Internals\IsoReferenceHelperTests.cs(50,31): error CS0117: 'IsoReferenceValidator' does not contain a definition for 'IsValid' [C:\Users\flori\source\repos\Finova\Finova Nuget\tests\Finova.Tests\Finova.Tests.csproj::TargetFramework=net8.0]
C:\Users\flori\source\repos\Finova\Finova Nuget\tests\Finova.Tests\Core\Internals\IsoReferenceValidatorTests.cs(58,44): error CS0117: 'IsoReferenceValidator' does not contain a definition for 'IsValid' [C:\Users\flori\source\repos\Finova\Finova Nuget\tests\Finova.Tests\Finova.Tests.csproj::TargetFramework=net8.0]
C:\Users\flori\source\repos\Finova\Finova Nuget\tests\Finova.Tests\Core\Internals\IsoReferenceValidatorTests.cs(72,44): error CS0117: 'IsoReferenceValidator' does not contain a definition for 'IsValid' [C:\Users\flori\source\repos\Finova\Finova Nuget\tests\Finova.Tests\Finova.Tests.csproj::TargetFramework=net8.0]
C:\Users\flori\source\repos\Finova\Finova Nuget\tests\Finova.Tests\Core\Internals\IsoReferenceValidatorTests.cs(86,44): error CS0117: 'IsoReferenceValidator' does not contain a definition for 'IsValid' [C:\Users\flori\source\repos\Finova\Finova Nuget\tests\Finova.Tests\Finova.Tests.csproj::TargetFramework=net8.0]
C:\Users\flori\source\repos\Finova\Finova Nuget\tests\Finova.Tests\Core\Internals\IsoReferenceValidatorTests.cs(99,44): error CS0117: 'IsoReferenceValidator' does not contain a definition for 'IsValid' [C:\Users\flori\source\repos\Finova\Finova Nuget\tests\Finova.Tests\Finova.Tests.csproj::TargetFramework=net8.0]
C:\Users\flori\source\repos\Finova\Finova Nuget\tests\Finova.Tests\Core\Internals\IsoReferenceHelperTests.cs(68,31): error CS0117: 'IsoReferenceValidator' does not contain a definition for 'IsValid' [C:\Users\flori\source\repos\Finova\Finova Nuget\tests\Finova.Tests\Finova.Tests.csproj::TargetFramework=net8.0]
C:\Users\flori\source\repos\Finova\Finova Nuget\tests\Finova.Tests\Core\Internals\IsoReferenceHelperTests.cs(69,31): error CS0117: 'IsoReferenceValidator' does not contain a definition for 'IsValid' [C:\Users\flori\source\repos\Finova\Finova Nuget\tests\Finova.Tests\Finova.Tests.csproj::TargetFramework=net8.0]
C:\Users\flori\source\repos\Finova\Finova Nuget\tests\Finova.Tests\Core\Internals\IsoReferenceHelperTests.cs(70,31): error CS0117: 'IsoReferenceValidator' does not contain a definition for 'IsValid' [C:\Users\flori\source\repos\Finova\Finova Nuget\tests\Finova.Tests\Finova.Tests.csproj::TargetFramework=net8.0]
C:\Users\flori\source\repos\Finova\Finova Nuget\tests\Finova.Tests\Core\Internals\IsoReferenceValidatorTests.cs(112,44): error CS0117: 'IsoReferenceValidator' does not contain a definition for 'IsValid' [C:\Users\flori\source\repos\Finova\Finova Nuget\tests\Finova.Tests\Finova.Tests.csproj::TargetFramework=net8.0]
C:\Users\flori\source\repos\Finova\Finova Nuget\tests\Finova.Tests\Core\Internals\IsoReferenceValidatorTests.cs(126,45): error CS0117: 'IsoReferenceValidator' does not contain a definition for 'IsValid' [C:\Users\flori\source\repos\Finova\Finova Nuget\tests\Finova.Tests\Finova.Tests.csproj::TargetFramework=net8.0]
C:\Users\flori\source\repos\Finova\Finova Nuget\tests\Finova.Tests\Core\Internals\IsoReferenceValidatorTests.cs(127,45): error CS0117: 'IsoReferenceValidator' does not contain a definition for 'IsValid' [C:\Users\flori\source\repos\Finova\Finova Nuget\tests\Finova.Tests\Finova.Tests.csproj::TargetFramework=net8.0]
C:\Users\flori\source\repos\Finova\Finova Nuget\tests\Finova.Tests\Core\Internals\IsoReferenceValidatorTests.cs(141,44): error CS0117: 'IsoReferenceValidator' does not contain a definition for 'IsValid' [C:\Users\flori\source\repos\Finova\Finova Nuget\tests\Finova.Tests\Finova.Tests.csproj::TargetFramework=net8.0]
C:\Users\flori\source\repos\Finova\Finova Nuget\tests\Finova.Tests\Core\Internals\IsoReferenceValidatorTests.cs(155,44): error CS0117: 'IsoReferenceValidator' does not contain a definition for 'IsValid' [C:\Users\flori\source\repos\Finova\Finova Nuget\tests\Finova.Tests\Finova.Tests.csproj::TargetFramework=net8.0]
C:\Users\flori\source\repos\Finova\Finova Nuget\tests\Finova.Tests\Core\Internals\IsoReferenceValidatorTests.cs(170,45): error CS0117: 'IsoReferenceValidator' does not contain a definition for 'IsValid' [C:\Users\flori\source\repos\Finova\Finova Nuget\tests\Finova.Tests\Finova.Tests.csproj::TargetFramework=net8.0]
C:\Users\flori\source\repos\Finova\Finova Nuget\tests\Finova.Tests\Core\Internals\IsoReferenceValidatorTests.cs(171,45): error CS0117: 'IsoReferenceValidator' does not contain a definition for 'IsValid' [C:\Users\flori\source\repos\Finova\Finova Nuget\tests\Finova.Tests\Finova.Tests.csproj::TargetFramework=net8.0]
C:\Users\flori\source\repos\Finova\Finova Nuget\tests\Finova.Tests\Core\Internals\IsoReferenceValidatorTests.cs(185,44): error CS0117: 'IsoReferenceValidator' does not contain a definition for 'IsValid' [C:\Users\flori\source\repos\Finova\Finova Nuget\tests\Finova.Tests\Finova.Tests.csproj::TargetFramework=net8.0]
C:\Users\flori\source\repos\Finova\Finova Nuget\tests\Finova.Tests\Core\Internals\IsoReferenceValidatorTests.cs(204,48): error CS0117: 'IsoReferenceValidator' does not contain a definition for 'IsValid' [C:\Users\flori\source\repos\Finova\Finova Nuget\tests\Finova.Tests\Finova.Tests.csproj::TargetFramework=net8.0]
C:\Users\flori\source\repos\Finova\Finova Nuget\tests\Finova.Tests\Core\Internals\IsoReferenceValidatorTests.cs(205,49): error CS0117: 'IsoReferenceValidator' does not contain a definition for 'IsValid' [C:\Users\flori\source\repos\Finova\Finova Nuget\tests\Finova.Tests\Finova.Tests.csproj::TargetFramework=net8.0]
C:\Users\flori\source\repos\Finova\Finova Nuget\tests\Finova.Tests\Core\Internals\IsoReferenceValidatorTests.cs(206,47): error CS0117: 'IsoReferenceValidator' does not contain a definition for 'IsValid' [C:\Users\flori\source\repos\Finova\Finova Nuget\tests\Finova.Tests\Finova.Tests.csproj::TargetFramework=net8.0]
C:\Users\flori\source\repos\Finova\Finova Nuget\tests\Finova.Tests\Core\Internals\IsoReferenceHelperTests.cs(100,31): error CS0117: 'IsoReferenceValidator' does not contain a definition for 'IsValid' [C:\Users\flori\source\repos\Finova\Finova Nuget\tests\Finova.Tests\Finova.Tests.csproj::TargetFramework=net8.0]
C:\Users\flori\source\repos\Finova\Finova Nuget\tests\Finova.Tests\Core\Internals\IsoReferenceHelperTests.cs(115,31): error CS0117: 'IsoReferenceValidator' does not contain a definition for 'IsValid' [C:\Users\flori\source\repos\Finova\Finova Nuget\tests\Finova.Tests\Finova.Tests.csproj::TargetFramework=net8.0]
C:\Users\flori\source\repos\Finova\Finova Nuget\tests\Finova.Tests\Core\Internals\IsoReferenceHelperTests.cs(142,31): error CS0117: 'IsoReferenceValidator' does not contain a definition for 'IsValid' [C:\Users\flori\source\repos\Finova\Finova Nuget\tests\Finova.Tests\Finova.Tests.csproj::TargetFramework=net8.0]
C:\Users\flori\source\repos\Finova\Finova Nuget\tests\Finova.Tests\Core\Internals\IsoReferenceHelperTests.cs(157,31): error CS0117: 'IsoReferenceValidator' does not contain a definition for 'IsValid' [C:\Users\flori\source\repos\Finova\Finova Nuget\tests\Finova.Tests\Finova.Tests.csproj::TargetFramework=net8.0]
    0 Warning(s)
    56 Error(s)

Time Elapsed 00:00:12.85
