  Determining projects to restore...
  All projects are up-to-date for restore.
  Finova.Core -> C:\Users\flori\source\repos\Finova\Finova Nuget\src\Finova.Core\bin\Debug\net10.0\Finova.Core.dll
  Finova.Core -> C:\Users\flori\source\repos\Finova\Finova Nuget\src\Finova.Core\bin\Debug\net8.0\Finova.Core.dll
  Finova -> C:\Users\flori\source\repos\Finova\Finova Nuget\src\Finova\bin\Debug\net10.0\Finova.dll
  Finova -> C:\Users\flori\source\repos\Finova\Finova Nuget\src\Finova\bin\Debug\net8.0\Finova.dll
  Finova.Extensions.FluentValidation -> C:\Users\flori\source\repos\Finova\Finova Nuget\src\Finova.Extensions.FluentValidation\bin\Debug\net10.0\Finova.Extensions.FluentValidation.dll
  Finova.Extensions.FluentValidation -> C:\Users\flori\source\repos\Finova\Finova Nuget\src\Finova.Extensions.FluentValidation\bin\Debug\net8.0\Finova.Extensions.FluentValidation.dll
C:\Users\flori\source\repos\Finova\Finova Nuget\tests\Finova.Tests\Switzerland\Services\SwitzerlandPaymentReferenceServiceTests.cs(65,18): error CS1061: 'SwitzerlandPaymentReferenceService' does not contain a definition for 'Validate' and no accessible extension method 'Validate' accepting a first argument of type 'SwitzerlandPaymentReferenceService' could be found (are you missing a using directive or an assembly reference?) [C:\Users\flori\source\repos\Finova\Finova Nuget\tests\Finova.Tests\Finova.Tests.csproj::TargetFramework=net10.0]
C:\Users\flori\source\repos\Finova\Finova Nuget\tests\Finova.Tests\Switzerland\Services\SwitzerlandPaymentReferenceServiceTests.cs(78,31): error CS1061: 'SwitzerlandPaymentReferenceService' does not contain a definition for 'Validate' and no accessible extension method 'Validate' accepting a first argument of type 'SwitzerlandPaymentReferenceService' could be found (are you missing a using directive or an assembly reference?) [C:\Users\flori\source\repos\Finova\Finova Nuget\tests\Finova.Tests\Finova.Tests.csproj::TargetFramework=net10.0]
C:\Users\flori\source\repos\Finova\Finova Nuget\tests\Finova.Tests\Switzerland\Services\SwitzerlandPaymentReferenceServiceTests.cs(93,31): error CS1061: 'SwitzerlandPaymentReferenceService' does not contain a definition for 'Validate' and no accessible extension method 'Validate' accepting a first argument of type 'SwitzerlandPaymentReferenceService' could be found (are you missing a using directive or an assembly reference?) [C:\Users\flori\source\repos\Finova\Finova Nuget\tests\Finova.Tests\Finova.Tests.csproj::TargetFramework=net10.0]
C:\Users\flori\source\repos\Finova\Finova Nuget\tests\Finova.Tests\Switzerland\Services\SwitzerlandPaymentReferenceServiceTests.cs(106,31): error CS1061: 'SwitzerlandPaymentReferenceService' does not contain a definition for 'Validate' and no accessible extension method 'Validate' accepting a first argument of type 'SwitzerlandPaymentReferenceService' could be found (are you missing a using directive or an assembly reference?) [C:\Users\flori\source\repos\Finova\Finova Nuget\tests\Finova.Tests\Finova.Tests.csproj::TargetFramework=net10.0]
C:\Users\flori\source\repos\Finova\Finova Nuget\tests\Finova.Tests\Sweden\Services\SwedenPaymentReferenceServiceTests.cs(55,18): error CS1061: 'SwedenPaymentReferenceService' does not contain a definition for 'Validate' and no accessible extension method 'Validate' accepting a first argument of type 'SwedenPaymentReferenceService' could be found (are you missing a using directive or an assembly reference?) [C:\Users\flori\source\repos\Finova\Finova Nuget\tests\Finova.Tests\Finova.Tests.csproj::TargetFramework=net10.0]
C:\Users\flori\source\repos\Finova\Finova Nuget\tests\Finova.Tests\Sweden\Services\SwedenPaymentReferenceServiceTests.cs(67,31): error CS1061: 'SwedenPaymentReferenceService' does not contain a definition for 'Validate' and no accessible extension method 'Validate' accepting a first argument of type 'SwedenPaymentReferenceService' could be found (are you missing a using directive or an assembly reference?) [C:\Users\flori\source\repos\Finova\Finova Nuget\tests\Finova.Tests\Finova.Tests.csproj::TargetFramework=net10.0]
C:\Users\flori\source\repos\Finova\Finova Nuget\tests\Finova.Tests\Sweden\Services\SwedenPaymentReferenceServiceTests.cs(83,31): error CS1061: 'SwedenPaymentReferenceService' does not contain a definition for 'Validate' and no accessible extension method 'Validate' accepting a first argument of type 'SwedenPaymentReferenceService' could be found (are you missing a using directive or an assembly reference?) [C:\Users\flori\source\repos\Finova\Finova Nuget\tests\Finova.Tests\Finova.Tests.csproj::TargetFramework=net10.0]
C:\Users\flori\source\repos\Finova\Finova Nuget\tests\Finova.Tests\Sweden\Services\SwedenPaymentReferenceServiceTests.cs(96,31): error CS1061: 'SwedenPaymentReferenceService' does not contain a definition for 'Validate' and no accessible extension method 'Validate' accepting a first argument of type 'SwedenPaymentReferenceService' could be found (are you missing a using directive or an assembly reference?) [C:\Users\flori\source\repos\Finova\Finova Nuget\tests\Finova.Tests\Finova.Tests.csproj::TargetFramework=net10.0]
C:\Users\flori\source\repos\Finova\Finova Nuget\tests\Finova.Tests\Slovenia\Services\SloveniaPaymentReferenceServiceTests.cs(45,18): error CS1061: 'SloveniaPaymentReferenceService' does not contain a definition for 'Validate' and no accessible extension method 'Validate' accepting a first argument of type 'SloveniaPaymentReferenceService' could be found (are you missing a using directive or an assembly reference?) [C:\Users\flori\source\repos\Finova\Finova Nuget\tests\Finova.Tests\Finova.Tests.csproj::TargetFramework=net10.0]
C:\Users\flori\source\repos\Finova\Finova Nuget\tests\Finova.Tests\Slovenia\Services\SloveniaPaymentReferenceServiceTests.cs(58,31): error CS1061: 'SloveniaPaymentReferenceService' does not contain a definition for 'Validate' and no accessible extension method 'Validate' accepting a first argument of type 'SloveniaPaymentReferenceService' could be found (are you missing a using directive or an assembly reference?) [C:\Users\flori\source\repos\Finova\Finova Nuget\tests\Finova.Tests\Finova.Tests.csproj::TargetFramework=net10.0]
C:\Users\flori\source\repos\Finova\Finova Nuget\tests\Finova.Tests\Slovenia\Services\SloveniaPaymentReferenceServiceTests.cs(74,31): error CS1061: 'SloveniaPaymentReferenceService' does not contain a definition for 'Validate' and no accessible extension method 'Validate' accepting a first argument of type 'SloveniaPaymentReferenceService' could be found (are you missing a using directive or an assembly reference?) [C:\Users\flori\source\repos\Finova\Finova Nuget\tests\Finova.Tests\Finova.Tests.csproj::TargetFramework=net10.0]
C:\Users\flori\source\repos\Finova\Finova Nuget\tests\Finova.Tests\Slovenia\Services\SloveniaPaymentReferenceServiceTests.cs(87,31): error CS1061: 'SloveniaPaymentReferenceService' does not contain a definition for 'Validate' and no accessible extension method 'Validate' accepting a first argument of type 'SloveniaPaymentReferenceService' could be found (are you missing a using directive or an assembly reference?) [C:\Users\flori\source\repos\Finova\Finova Nuget\tests\Finova.Tests\Finova.Tests.csproj::TargetFramework=net10.0]
C:\Users\flori\source\repos\Finova\Finova Nuget\tests\Finova.Tests\Norway\Services\NorwayPaymentReferenceServiceTests.cs(71,18): error CS1061: 'NorwayPaymentReferenceService' does not contain a definition for 'Validate' and no accessible extension method 'Validate' accepting a first argument of type 'NorwayPaymentReferenceService' could be found (are you missing a using directive or an assembly reference?) [C:\Users\flori\source\repos\Finova\Finova Nuget\tests\Finova.Tests\Finova.Tests.csproj::TargetFramework=net10.0]
C:\Users\flori\source\repos\Finova\Finova Nuget\tests\Finova.Tests\Norway\Services\NorwayPaymentReferenceServiceTests.cs(85,31): error CS1061: 'NorwayPaymentReferenceService' does not contain a definition for 'Validate' and no accessible extension method 'Validate' accepting a first argument of type 'NorwayPaymentReferenceService' could be found (are you missing a using directive or an assembly reference?) [C:\Users\flori\source\repos\Finova\Finova Nuget\tests\Finova.Tests\Finova.Tests.csproj::TargetFramework=net10.0]
C:\Users\flori\source\repos\Finova\Finova Nuget\tests\Finova.Tests\Norway\Services\NorwayPaymentReferenceServiceTests.cs(100,31): error CS1061: 'NorwayPaymentReferenceService' does not contain a definition for 'Validate' and no accessible extension method 'Validate' accepting a first argument of type 'NorwayPaymentReferenceService' could be found (are you missing a using directive or an assembly reference?) [C:\Users\flori\source\repos\Finova\Finova Nuget\tests\Finova.Tests\Finova.Tests.csproj::TargetFramework=net10.0]
C:\Users\flori\source\repos\Finova\Finova Nuget\tests\Finova.Tests\Norway\Services\NorwayPaymentReferenceServiceTests.cs(113,31): error CS1061: 'NorwayPaymentReferenceService' does not contain a definition for 'Validate' and no accessible extension method 'Validate' accepting a first argument of type 'NorwayPaymentReferenceService' could be found (are you missing a using directive or an assembly reference?) [C:\Users\flori\source\repos\Finova\Finova Nuget\tests\Finova.Tests\Finova.Tests.csproj::TargetFramework=net10.0]
C:\Users\flori\source\repos\Finova\Finova Nuget\tests\Finova.Tests\Finland\Services\FinlandPaymentReferenceServiceTests.cs(49,18): error CS1061: 'FinlandPaymentReferenceService' does not contain a definition for 'Validate' and no accessible extension method 'Validate' accepting a first argument of type 'FinlandPaymentReferenceService' could be found (are you missing a using directive or an assembly reference?) [C:\Users\flori\source\repos\Finova\Finova Nuget\tests\Finova.Tests\Finova.Tests.csproj::TargetFramework=net10.0]
C:\Users\flori\source\repos\Finova\Finova Nuget\tests\Finova.Tests\Finland\Services\FinlandPaymentReferenceServiceTests.cs(88,31): error CS1061: 'FinlandPaymentReferenceService' does not contain a definition for 'Validate' and no accessible extension method 'Validate' accepting a first argument of type 'FinlandPaymentReferenceService' could be found (are you missing a using directive or an assembly reference?) [C:\Users\flori\source\repos\Finova\Finova Nuget\tests\Finova.Tests\Finova.Tests.csproj::TargetFramework=net10.0]
C:\Users\flori\source\repos\Finova\Finova Nuget\tests\Finova.Tests\Finland\Services\FinlandPaymentReferenceServiceTests.cs(103,31): error CS1061: 'FinlandPaymentReferenceService' does not contain a definition for 'Validate' and no accessible extension method 'Validate' accepting a first argument of type 'FinlandPaymentReferenceService' could be found (are you missing a using directive or an assembly reference?) [C:\Users\flori\source\repos\Finova\Finova Nuget\tests\Finova.Tests\Finova.Tests.csproj::TargetFramework=net10.0]
C:\Users\flori\source\repos\Finova\Finova Nuget\tests\Finova.Tests\Finland\Services\FinlandPaymentReferenceServiceTests.cs(116,31): error CS1061: 'FinlandPaymentReferenceService' does not contain a definition for 'Validate' and no accessible extension method 'Validate' accepting a first argument of type 'FinlandPaymentReferenceService' could be found (are you missing a using directive or an assembly reference?) [C:\Users\flori\source\repos\Finova\Finova Nuget\tests\Finova.Tests\Finova.Tests.csproj::TargetFramework=net10.0]
C:\Users\flori\source\repos\Finova\Finova Nuget\tests\Finova.Tests\Belgium\Services\BelgianPaymentReferenceServiceTests.cs(54,18): error CS1061: 'BelgiumPaymentReferenceService' does not contain a definition for 'Validate' and no accessible extension method 'Validate' accepting a first argument of type 'BelgiumPaymentReferenceService' could be found (are you missing a using directive or an assembly reference?) [C:\Users\flori\source\repos\Finova\Finova Nuget\tests\Finova.Tests\Finova.Tests.csproj::TargetFramework=net10.0]
C:\Users\flori\source\repos\Finova\Finova Nuget\tests\Finova.Tests\Belgium\Services\BelgianPaymentReferenceServiceTests.cs(69,18): error CS1061: 'BelgiumPaymentReferenceService' does not contain a definition for 'Validate' and no accessible extension method 'Validate' accepting a first argument of type 'BelgiumPaymentReferenceService' could be found (are you missing a using directive or an assembly reference?) [C:\Users\flori\source\repos\Finova\Finova Nuget\tests\Finova.Tests\Finova.Tests.csproj::TargetFramework=net10.0]
C:\Users\flori\source\repos\Finova\Finova Nuget\tests\Finova.Tests\Belgium\Services\BelgianPaymentReferenceServiceTests.cs(98,18): error CS1061: 'BelgiumPaymentReferenceService' does not contain a definition for 'Validate' and no accessible extension method 'Validate' accepting a first argument of type 'BelgiumPaymentReferenceService' could be found (are you missing a using directive or an assembly reference?) [C:\Users\flori\source\repos\Finova\Finova Nuget\tests\Finova.Tests\Finova.Tests.csproj::TargetFramework=net10.0]
C:\Users\flori\source\repos\Finova\Finova Nuget\tests\Finova.Tests\Belgium\Services\BelgianPaymentReferenceServiceTests.cs(108,31): error CS1061: 'BelgiumPaymentReferenceService' does not contain a definition for 'Validate' and no accessible extension method 'Validate' accepting a first argument of type 'BelgiumPaymentReferenceService' could be found (are you missing a using directive or an assembly reference?) [C:\Users\flori\source\repos\Finova\Finova Nuget\tests\Finova.Tests\Finova.Tests.csproj::TargetFramework=net10.0]
C:\Users\flori\source\repos\Finova\Finova Nuget\tests\Finova.Tests\Belgium\Services\BelgianPaymentReferenceServiceTests.cs(121,31): error CS1061: 'BelgiumPaymentReferenceService' does not contain a definition for 'Validate' and no accessible extension method 'Validate' accepting a first argument of type 'BelgiumPaymentReferenceService' could be found (are you missing a using directive or an assembly reference?) [C:\Users\flori\source\repos\Finova\Finova Nuget\tests\Finova.Tests\Finova.Tests.csproj::TargetFramework=net10.0]
C:\Users\flori\source\repos\Finova\Finova Nuget\tests\Finova.Tests\Belgium\Services\BelgianPaymentReferenceServiceTests.cs(133,31): error CS1061: 'BelgiumPaymentReferenceService' does not contain a definition for 'Validate' and no accessible extension method 'Validate' accepting a first argument of type 'BelgiumPaymentReferenceService' could be found (are you missing a using directive or an assembly reference?) [C:\Users\flori\source\repos\Finova\Finova Nuget\tests\Finova.Tests\Finova.Tests.csproj::TargetFramework=net10.0]
C:\Users\flori\source\repos\Finova\Finova Nuget\tests\Finova.Tests\Belgium\Services\BelgianPaymentReferenceServiceTests.cs(146,31): error CS1061: 'BelgiumPaymentReferenceService' does not contain a definition for 'Validate' and no accessible extension method 'Validate' accepting a first argument of type 'BelgiumPaymentReferenceService' could be found (are you missing a using directive or an assembly reference?) [C:\Users\flori\source\repos\Finova\Finova Nuget\tests\Finova.Tests\Finova.Tests.csproj::TargetFramework=net10.0]
C:\Users\flori\source\repos\Finova\Finova Nuget\tests\Finova.Tests\Belgium\Services\BelgianPaymentReferenceServiceTests.cs(168,18): error CS1061: 'BelgiumPaymentReferenceService' does not contain a definition for 'Validate' and no accessible extension method 'Validate' accepting a first argument of type 'BelgiumPaymentReferenceService' could be found (are you missing a using directive or an assembly reference?) [C:\Users\flori\source\repos\Finova\Finova Nuget\tests\Finova.Tests\Finova.Tests.csproj::TargetFramework=net10.0]
C:\Users\flori\source\repos\Finova\Finova Nuget\tests\Finova.Tests\Belgium\Services\BelgianPaymentReferenceServiceTests.cs(182,18): error CS1061: 'BelgiumPaymentReferenceService' does not contain a definition for 'Validate' and no accessible extension method 'Validate' accepting a first argument of type 'BelgiumPaymentReferenceService' could be found (are you missing a using directive or an assembly reference?) [C:\Users\flori\source\repos\Finova\Finova Nuget\tests\Finova.Tests\Finova.Tests.csproj::TargetFramework=net10.0]
C:\Users\flori\source\repos\Finova\Finova Nuget\tests\Finova.Tests\Belgium\Services\BelgianPaymentReferenceServiceTests.cs(193,32): error CS1061: 'BelgiumPaymentReferenceService' does not contain a definition for 'Validate' and no accessible extension method 'Validate' accepting a first argument of type 'BelgiumPaymentReferenceService' could be found (are you missing a using directive or an assembly reference?) [C:\Users\flori\source\repos\Finova\Finova Nuget\tests\Finova.Tests\Finova.Tests.csproj::TargetFramework=net10.0]
C:\Users\flori\source\repos\Finova\Finova Nuget\tests\Finova.Tests\Belgium\Services\BelgianPaymentReferenceServiceTests.cs(194,32): error CS1061: 'BelgiumPaymentReferenceService' does not contain a definition for 'Validate' and no accessible extension method 'Validate' accepting a first argument of type 'BelgiumPaymentReferenceService' could be found (are you missing a using directive or an assembly reference?) [C:\Users\flori\source\repos\Finova\Finova Nuget\tests\Finova.Tests\Finova.Tests.csproj::TargetFramework=net10.0]
C:\Users\flori\source\repos\Finova\Finova Nuget\tests\Finova.Tests\Belgium\Services\BelgianPaymentReferenceServiceTests.cs(207,31): error CS1061: 'BelgiumPaymentReferenceService' does not contain a definition for 'Validate' and no accessible extension method 'Validate' accepting a first argument of type 'BelgiumPaymentReferenceService' could be found (are you missing a using directive or an assembly reference?) [C:\Users\flori\source\repos\Finova\Finova Nuget\tests\Finova.Tests\Finova.Tests.csproj::TargetFramework=net10.0]
C:\Users\flori\source\repos\Finova\Finova Nuget\tests\Finova.Tests\Belgium\Services\BelgianPaymentReferenceServiceTests.cs(260,18): error CS1061: 'BelgiumPaymentReferenceService' does not contain a definition for 'Validate' and no accessible extension method 'Validate' accepting a first argument of type 'BelgiumPaymentReferenceService' could be found (are you missing a using directive or an assembly reference?) [C:\Users\flori\source\repos\Finova\Finova Nuget\tests\Finova.Tests\Finova.Tests.csproj::TargetFramework=net10.0]
C:\Users\flori\source\repos\Finova\Finova Nuget\tests\Finova.Tests\Belgium\Services\BelgianPaymentReferenceServiceTests.cs(270,31): error CS1061: 'BelgiumPaymentReferenceService' does not contain a definition for 'Validate' and no accessible extension method 'Validate' accepting a first argument of type 'BelgiumPaymentReferenceService' could be found (are you missing a using directive or an assembly reference?) [C:\Users\flori\source\repos\Finova\Finova Nuget\tests\Finova.Tests\Finova.Tests.csproj::TargetFramework=net10.0]
C:\Users\flori\source\repos\Finova\Finova Nuget\tests\Finova.Tests\Belgium\Services\BelgianPaymentReferenceServiceTests.cs(282,31): error CS1061: 'BelgiumPaymentReferenceService' does not contain a definition for 'Validate' and no accessible extension method 'Validate' accepting a first argument of type 'BelgiumPaymentReferenceService' could be found (are you missing a using directive or an assembly reference?) [C:\Users\flori\source\repos\Finova\Finova Nuget\tests\Finova.Tests\Finova.Tests.csproj::TargetFramework=net10.0]
C:\Users\flori\source\repos\Finova\Finova Nuget\tests\Finova.Tests\Belgium\Services\BelgianPaymentReferenceServiceTests.cs(313,18): error CS1061: 'BelgiumPaymentReferenceService' does not contain a definition for 'Validate' and no accessible extension method 'Validate' accepting a first argument of type 'BelgiumPaymentReferenceService' could be found (are you missing a using directive or an assembly reference?) [C:\Users\flori\source\repos\Finova\Finova Nuget\tests\Finova.Tests\Finova.Tests.csproj::TargetFramework=net10.0]
C:\Users\flori\source\repos\Finova\Finova Nuget\tests\Finova.Tests\Belgium\Services\BelgianPaymentReferenceServiceTests.cs(327,18): error CS1061: 'BelgiumPaymentReferenceService' does not contain a definition for 'Validate' and no accessible extension method 'Validate' accepting a first argument of type 'BelgiumPaymentReferenceService' could be found (are you missing a using directive or an assembly reference?) [C:\Users\flori\source\repos\Finova\Finova Nuget\tests\Finova.Tests\Finova.Tests.csproj::TargetFramework=net10.0]
C:\Users\flori\source\repos\Finova\Finova Nuget\tests\Finova.Tests\Belgium\Services\BelgianPaymentReferenceServiceTests.cs(342,32): error CS1061: 'BelgiumPaymentReferenceService' does not contain a definition for 'Validate' and no accessible extension method 'Validate' accepting a first argument of type 'BelgiumPaymentReferenceService' could be found (are you missing a using directive or an assembly reference?) [C:\Users\flori\source\repos\Finova\Finova Nuget\tests\Finova.Tests\Finova.Tests.csproj::TargetFramework=net10.0]
C:\Users\flori\source\repos\Finova\Finova Nuget\tests\Finova.Tests\Belgium\Services\BelgianPaymentReferenceServiceTests.cs(356,32): error CS1061: 'BelgiumPaymentReferenceService' does not contain a definition for 'Validate' and no accessible extension method 'Validate' accepting a first argument of type 'BelgiumPaymentReferenceService' could be found (are you missing a using directive or an assembly reference?) [C:\Users\flori\source\repos\Finova\Finova Nuget\tests\Finova.Tests\Finova.Tests.csproj::TargetFramework=net10.0]
C:\Users\flori\source\repos\Finova\Finova Nuget\tests\Finova.Tests\Belgium\Services\BelgianPaymentReferenceServiceTests.cs(54,18): error CS1061: 'BelgiumPaymentReferenceService' does not contain a definition for 'Validate' and no accessible extension method 'Validate' accepting a first argument of type 'BelgiumPaymentReferenceService' could be found (are you missing a using directive or an assembly reference?) [C:\Users\flori\source\repos\Finova\Finova Nuget\tests\Finova.Tests\Finova.Tests.csproj::TargetFramework=net8.0]
C:\Users\flori\source\repos\Finova\Finova Nuget\tests\Finova.Tests\Belgium\Services\BelgianPaymentReferenceServiceTests.cs(69,18): error CS1061: 'BelgiumPaymentReferenceService' does not contain a definition for 'Validate' and no accessible extension method 'Validate' accepting a first argument of type 'BelgiumPaymentReferenceService' could be found (are you missing a using directive or an assembly reference?) [C:\Users\flori\source\repos\Finova\Finova Nuget\tests\Finova.Tests\Finova.Tests.csproj::TargetFramework=net8.0]
C:\Users\flori\source\repos\Finova\Finova Nuget\tests\Finova.Tests\Belgium\Services\BelgianPaymentReferenceServiceTests.cs(98,18): error CS1061: 'BelgiumPaymentReferenceService' does not contain a definition for 'Validate' and no accessible extension method 'Validate' accepting a first argument of type 'BelgiumPaymentReferenceService' could be found (are you missing a using directive or an assembly reference?) [C:\Users\flori\source\repos\Finova\Finova Nuget\tests\Finova.Tests\Finova.Tests.csproj::TargetFramework=net8.0]
C:\Users\flori\source\repos\Finova\Finova Nuget\tests\Finova.Tests\Belgium\Services\BelgianPaymentReferenceServiceTests.cs(108,31): error CS1061: 'BelgiumPaymentReferenceService' does not contain a definition for 'Validate' and no accessible extension method 'Validate' accepting a first argument of type 'BelgiumPaymentReferenceService' could be found (are you missing a using directive or an assembly reference?) [C:\Users\flori\source\repos\Finova\Finova Nuget\tests\Finova.Tests\Finova.Tests.csproj::TargetFramework=net8.0]
C:\Users\flori\source\repos\Finova\Finova Nuget\tests\Finova.Tests\Belgium\Services\BelgianPaymentReferenceServiceTests.cs(121,31): error CS1061: 'BelgiumPaymentReferenceService' does not contain a definition for 'Validate' and no accessible extension method 'Validate' accepting a first argument of type 'BelgiumPaymentReferenceService' could be found (are you missing a using directive or an assembly reference?) [C:\Users\flori\source\repos\Finova\Finova Nuget\tests\Finova.Tests\Finova.Tests.csproj::TargetFramework=net8.0]
C:\Users\flori\source\repos\Finova\Finova Nuget\tests\Finova.Tests\Belgium\Services\BelgianPaymentReferenceServiceTests.cs(133,31): error CS1061: 'BelgiumPaymentReferenceService' does not contain a definition for 'Validate' and no accessible extension method 'Validate' accepting a first argument of type 'BelgiumPaymentReferenceService' could be found (are you missing a using directive or an assembly reference?) [C:\Users\flori\source\repos\Finova\Finova Nuget\tests\Finova.Tests\Finova.Tests.csproj::TargetFramework=net8.0]
C:\Users\flori\source\repos\Finova\Finova Nuget\tests\Finova.Tests\Belgium\Services\BelgianPaymentReferenceServiceTests.cs(146,31): error CS1061: 'BelgiumPaymentReferenceService' does not contain a definition for 'Validate' and no accessible extension method 'Validate' accepting a first argument of type 'BelgiumPaymentReferenceService' could be found (are you missing a using directive or an assembly reference?) [C:\Users\flori\source\repos\Finova\Finova Nuget\tests\Finova.Tests\Finova.Tests.csproj::TargetFramework=net8.0]
C:\Users\flori\source\repos\Finova\Finova Nuget\tests\Finova.Tests\Belgium\Services\BelgianPaymentReferenceServiceTests.cs(168,18): error CS1061: 'BelgiumPaymentReferenceService' does not contain a definition for 'Validate' and no accessible extension method 'Validate' accepting a first argument of type 'BelgiumPaymentReferenceService' could be found (are you missing a using directive or an assembly reference?) [C:\Users\flori\source\repos\Finova\Finova Nuget\tests\Finova.Tests\Finova.Tests.csproj::TargetFramework=net8.0]
C:\Users\flori\source\repos\Finova\Finova Nuget\tests\Finova.Tests\Belgium\Services\BelgianPaymentReferenceServiceTests.cs(182,18): error CS1061: 'BelgiumPaymentReferenceService' does not contain a definition for 'Validate' and no accessible extension method 'Validate' accepting a first argument of type 'BelgiumPaymentReferenceService' could be found (are you missing a using directive or an assembly reference?) [C:\Users\flori\source\repos\Finova\Finova Nuget\tests\Finova.Tests\Finova.Tests.csproj::TargetFramework=net8.0]
C:\Users\flori\source\repos\Finova\Finova Nuget\tests\Finova.Tests\Belgium\Services\BelgianPaymentReferenceServiceTests.cs(193,32): error CS1061: 'BelgiumPaymentReferenceService' does not contain a definition for 'Validate' and no accessible extension method 'Validate' accepting a first argument of type 'BelgiumPaymentReferenceService' could be found (are you missing a using directive or an assembly reference?) [C:\Users\flori\source\repos\Finova\Finova Nuget\tests\Finova.Tests\Finova.Tests.csproj::TargetFramework=net8.0]
C:\Users\flori\source\repos\Finova\Finova Nuget\tests\Finova.Tests\Belgium\Services\BelgianPaymentReferenceServiceTests.cs(194,32): error CS1061: 'BelgiumPaymentReferenceService' does not contain a definition for 'Validate' and no accessible extension method 'Validate' accepting a first argument of type 'BelgiumPaymentReferenceService' could be found (are you missing a using directive or an assembly reference?) [C:\Users\flori\source\repos\Finova\Finova Nuget\tests\Finova.Tests\Finova.Tests.csproj::TargetFramework=net8.0]
C:\Users\flori\source\repos\Finova\Finova Nuget\tests\Finova.Tests\Belgium\Services\BelgianPaymentReferenceServiceTests.cs(207,31): error CS1061: 'BelgiumPaymentReferenceService' does not contain a definition for 'Validate' and no accessible extension method 'Validate' accepting a first argument of type 'BelgiumPaymentReferenceService' could be found (are you missing a using directive or an assembly reference?) [C:\Users\flori\source\repos\Finova\Finova Nuget\tests\Finova.Tests\Finova.Tests.csproj::TargetFramework=net8.0]
C:\Users\flori\source\repos\Finova\Finova Nuget\tests\Finova.Tests\Belgium\Services\BelgianPaymentReferenceServiceTests.cs(260,18): error CS1061: 'BelgiumPaymentReferenceService' does not contain a definition for 'Validate' and no accessible extension method 'Validate' accepting a first argument of type 'BelgiumPaymentReferenceService' could be found (are you missing a using directive or an assembly reference?) [C:\Users\flori\source\repos\Finova\Finova Nuget\tests\Finova.Tests\Finova.Tests.csproj::TargetFramework=net8.0]
C:\Users\flori\source\repos\Finova\Finova Nuget\tests\Finova.Tests\Belgium\Services\BelgianPaymentReferenceServiceTests.cs(270,31): error CS1061: 'BelgiumPaymentReferenceService' does not contain a definition for 'Validate' and no accessible extension method 'Validate' accepting a first argument of type 'BelgiumPaymentReferenceService' could be found (are you missing a using directive or an assembly reference?) [C:\Users\flori\source\repos\Finova\Finova Nuget\tests\Finova.Tests\Finova.Tests.csproj::TargetFramework=net8.0]
C:\Users\flori\source\repos\Finova\Finova Nuget\tests\Finova.Tests\Belgium\Services\BelgianPaymentReferenceServiceTests.cs(282,31): error CS1061: 'BelgiumPaymentReferenceService' does not contain a definition for 'Validate' and no accessible extension method 'Validate' accepting a first argument of type 'BelgiumPaymentReferenceService' could be found (are you missing a using directive or an assembly reference?) [C:\Users\flori\source\repos\Finova\Finova Nuget\tests\Finova.Tests\Finova.Tests.csproj::TargetFramework=net8.0]
C:\Users\flori\source\repos\Finova\Finova Nuget\tests\Finova.Tests\Belgium\Services\BelgianPaymentReferenceServiceTests.cs(313,18): error CS1061: 'BelgiumPaymentReferenceService' does not contain a definition for 'Validate' and no accessible extension method 'Validate' accepting a first argument of type 'BelgiumPaymentReferenceService' could be found (are you missing a using directive or an assembly reference?) [C:\Users\flori\source\repos\Finova\Finova Nuget\tests\Finova.Tests\Finova.Tests.csproj::TargetFramework=net8.0]
C:\Users\flori\source\repos\Finova\Finova Nuget\tests\Finova.Tests\Belgium\Services\BelgianPaymentReferenceServiceTests.cs(327,18): error CS1061: 'BelgiumPaymentReferenceService' does not contain a definition for 'Validate' and no accessible extension method 'Validate' accepting a first argument of type 'BelgiumPaymentReferenceService' could be found (are you missing a using directive or an assembly reference?) [C:\Users\flori\source\repos\Finova\Finova Nuget\tests\Finova.Tests\Finova.Tests.csproj::TargetFramework=net8.0]
C:\Users\flori\source\repos\Finova\Finova Nuget\tests\Finova.Tests\Belgium\Services\BelgianPaymentReferenceServiceTests.cs(342,32): error CS1061: 'BelgiumPaymentReferenceService' does not contain a definition for 'Validate' and no accessible extension method 'Validate' accepting a first argument of type 'BelgiumPaymentReferenceService' could be found (are you missing a using directive or an assembly reference?) [C:\Users\flori\source\repos\Finova\Finova Nuget\tests\Finova.Tests\Finova.Tests.csproj::TargetFramework=net8.0]
C:\Users\flori\source\repos\Finova\Finova Nuget\tests\Finova.Tests\Belgium\Services\BelgianPaymentReferenceServiceTests.cs(356,32): error CS1061: 'BelgiumPaymentReferenceService' does not contain a definition for 'Validate' and no accessible extension method 'Validate' accepting a first argument of type 'BelgiumPaymentReferenceService' could be found (are you missing a using directive or an assembly reference?) [C:\Users\flori\source\repos\Finova\Finova Nuget\tests\Finova.Tests\Finova.Tests.csproj::TargetFramework=net8.0]
C:\Users\flori\source\repos\Finova\Finova Nuget\tests\Finova.Tests\Finland\Services\FinlandPaymentReferenceServiceTests.cs(49,18): error CS1061: 'FinlandPaymentReferenceService' does not contain a definition for 'Validate' and no accessible extension method 'Validate' accepting a first argument of type 'FinlandPaymentReferenceService' could be found (are you missing a using directive or an assembly reference?) [C:\Users\flori\source\repos\Finova\Finova Nuget\tests\Finova.Tests\Finova.Tests.csproj::TargetFramework=net8.0]
C:\Users\flori\source\repos\Finova\Finova Nuget\tests\Finova.Tests\Finland\Services\FinlandPaymentReferenceServiceTests.cs(88,31): error CS1061: 'FinlandPaymentReferenceService' does not contain a definition for 'Validate' and no accessible extension method 'Validate' accepting a first argument of type 'FinlandPaymentReferenceService' could be found (are you missing a using directive or an assembly reference?) [C:\Users\flori\source\repos\Finova\Finova Nuget\tests\Finova.Tests\Finova.Tests.csproj::TargetFramework=net8.0]
C:\Users\flori\source\repos\Finova\Finova Nuget\tests\Finova.Tests\Finland\Services\FinlandPaymentReferenceServiceTests.cs(103,31): error CS1061: 'FinlandPaymentReferenceService' does not contain a definition for 'Validate' and no accessible extension method 'Validate' accepting a first argument of type 'FinlandPaymentReferenceService' could be found (are you missing a using directive or an assembly reference?) [C:\Users\flori\source\repos\Finova\Finova Nuget\tests\Finova.Tests\Finova.Tests.csproj::TargetFramework=net8.0]
C:\Users\flori\source\repos\Finova\Finova Nuget\tests\Finova.Tests\Finland\Services\FinlandPaymentReferenceServiceTests.cs(116,31): error CS1061: 'FinlandPaymentReferenceService' does not contain a definition for 'Validate' and no accessible extension method 'Validate' accepting a first argument of type 'FinlandPaymentReferenceService' could be found (are you missing a using directive or an assembly reference?) [C:\Users\flori\source\repos\Finova\Finova Nuget\tests\Finova.Tests\Finova.Tests.csproj::TargetFramework=net8.0]
C:\Users\flori\source\repos\Finova\Finova Nuget\tests\Finova.Tests\Switzerland\Services\SwitzerlandPaymentReferenceServiceTests.cs(65,18): error CS1061: 'SwitzerlandPaymentReferenceService' does not contain a definition for 'Validate' and no accessible extension method 'Validate' accepting a first argument of type 'SwitzerlandPaymentReferenceService' could be found (are you missing a using directive or an assembly reference?) [C:\Users\flori\source\repos\Finova\Finova Nuget\tests\Finova.Tests\Finova.Tests.csproj::TargetFramework=net8.0]
C:\Users\flori\source\repos\Finova\Finova Nuget\tests\Finova.Tests\Switzerland\Services\SwitzerlandPaymentReferenceServiceTests.cs(78,31): error CS1061: 'SwitzerlandPaymentReferenceService' does not contain a definition for 'Validate' and no accessible extension method 'Validate' accepting a first argument of type 'SwitzerlandPaymentReferenceService' could be found (are you missing a using directive or an assembly reference?) [C:\Users\flori\source\repos\Finova\Finova Nuget\tests\Finova.Tests\Finova.Tests.csproj::TargetFramework=net8.0]
C:\Users\flori\source\repos\Finova\Finova Nuget\tests\Finova.Tests\Switzerland\Services\SwitzerlandPaymentReferenceServiceTests.cs(93,31): error CS1061: 'SwitzerlandPaymentReferenceService' does not contain a definition for 'Validate' and no accessible extension method 'Validate' accepting a first argument of type 'SwitzerlandPaymentReferenceService' could be found (are you missing a using directive or an assembly reference?) [C:\Users\flori\source\repos\Finova\Finova Nuget\tests\Finova.Tests\Finova.Tests.csproj::TargetFramework=net8.0]
C:\Users\flori\source\repos\Finova\Finova Nuget\tests\Finova.Tests\Switzerland\Services\SwitzerlandPaymentReferenceServiceTests.cs(106,31): error CS1061: 'SwitzerlandPaymentReferenceService' does not contain a definition for 'Validate' and no accessible extension method 'Validate' accepting a first argument of type 'SwitzerlandPaymentReferenceService' could be found (are you missing a using directive or an assembly reference?) [C:\Users\flori\source\repos\Finova\Finova Nuget\tests\Finova.Tests\Finova.Tests.csproj::TargetFramework=net8.0]
C:\Users\flori\source\repos\Finova\Finova Nuget\tests\Finova.Tests\Sweden\Services\SwedenPaymentReferenceServiceTests.cs(55,18): error CS1061: 'SwedenPaymentReferenceService' does not contain a definition for 'Validate' and no accessible extension method 'Validate' accepting a first argument of type 'SwedenPaymentReferenceService' could be found (are you missing a using directive or an assembly reference?) [C:\Users\flori\source\repos\Finova\Finova Nuget\tests\Finova.Tests\Finova.Tests.csproj::TargetFramework=net8.0]
C:\Users\flori\source\repos\Finova\Finova Nuget\tests\Finova.Tests\Sweden\Services\SwedenPaymentReferenceServiceTests.cs(67,31): error CS1061: 'SwedenPaymentReferenceService' does not contain a definition for 'Validate' and no accessible extension method 'Validate' accepting a first argument of type 'SwedenPaymentReferenceService' could be found (are you missing a using directive or an assembly reference?) [C:\Users\flori\source\repos\Finova\Finova Nuget\tests\Finova.Tests\Finova.Tests.csproj::TargetFramework=net8.0]
C:\Users\flori\source\repos\Finova\Finova Nuget\tests\Finova.Tests\Sweden\Services\SwedenPaymentReferenceServiceTests.cs(83,31): error CS1061: 'SwedenPaymentReferenceService' does not contain a definition for 'Validate' and no accessible extension method 'Validate' accepting a first argument of type 'SwedenPaymentReferenceService' could be found (are you missing a using directive or an assembly reference?) [C:\Users\flori\source\repos\Finova\Finova Nuget\tests\Finova.Tests\Finova.Tests.csproj::TargetFramework=net8.0]
C:\Users\flori\source\repos\Finova\Finova Nuget\tests\Finova.Tests\Sweden\Services\SwedenPaymentReferenceServiceTests.cs(96,31): error CS1061: 'SwedenPaymentReferenceService' does not contain a definition for 'Validate' and no accessible extension method 'Validate' accepting a first argument of type 'SwedenPaymentReferenceService' could be found (are you missing a using directive or an assembly reference?) [C:\Users\flori\source\repos\Finova\Finova Nuget\tests\Finova.Tests\Finova.Tests.csproj::TargetFramework=net8.0]
C:\Users\flori\source\repos\Finova\Finova Nuget\tests\Finova.Tests\Slovenia\Services\SloveniaPaymentReferenceServiceTests.cs(45,18): error CS1061: 'SloveniaPaymentReferenceService' does not contain a definition for 'Validate' and no accessible extension method 'Validate' accepting a first argument of type 'SloveniaPaymentReferenceService' could be found (are you missing a using directive or an assembly reference?) [C:\Users\flori\source\repos\Finova\Finova Nuget\tests\Finova.Tests\Finova.Tests.csproj::TargetFramework=net8.0]
C:\Users\flori\source\repos\Finova\Finova Nuget\tests\Finova.Tests\Slovenia\Services\SloveniaPaymentReferenceServiceTests.cs(58,31): error CS1061: 'SloveniaPaymentReferenceService' does not contain a definition for 'Validate' and no accessible extension method 'Validate' accepting a first argument of type 'SloveniaPaymentReferenceService' could be found (are you missing a using directive or an assembly reference?) [C:\Users\flori\source\repos\Finova\Finova Nuget\tests\Finova.Tests\Finova.Tests.csproj::TargetFramework=net8.0]
C:\Users\flori\source\repos\Finova\Finova Nuget\tests\Finova.Tests\Slovenia\Services\SloveniaPaymentReferenceServiceTests.cs(74,31): error CS1061: 'SloveniaPaymentReferenceService' does not contain a definition for 'Validate' and no accessible extension method 'Validate' accepting a first argument of type 'SloveniaPaymentReferenceService' could be found (are you missing a using directive or an assembly reference?) [C:\Users\flori\source\repos\Finova\Finova Nuget\tests\Finova.Tests\Finova.Tests.csproj::TargetFramework=net8.0]
C:\Users\flori\source\repos\Finova\Finova Nuget\tests\Finova.Tests\Slovenia\Services\SloveniaPaymentReferenceServiceTests.cs(87,31): error CS1061: 'SloveniaPaymentReferenceService' does not contain a definition for 'Validate' and no accessible extension method 'Validate' accepting a first argument of type 'SloveniaPaymentReferenceService' could be found (are you missing a using directive or an assembly reference?) [C:\Users\flori\source\repos\Finova\Finova Nuget\tests\Finova.Tests\Finova.Tests.csproj::TargetFramework=net8.0]
C:\Users\flori\source\repos\Finova\Finova Nuget\tests\Finova.Tests\Norway\Services\NorwayPaymentReferenceServiceTests.cs(71,18): error CS1061: 'NorwayPaymentReferenceService' does not contain a definition for 'Validate' and no accessible extension method 'Validate' accepting a first argument of type 'NorwayPaymentReferenceService' could be found (are you missing a using directive or an assembly reference?) [C:\Users\flori\source\repos\Finova\Finova Nuget\tests\Finova.Tests\Finova.Tests.csproj::TargetFramework=net8.0]
C:\Users\flori\source\repos\Finova\Finova Nuget\tests\Finova.Tests\Norway\Services\NorwayPaymentReferenceServiceTests.cs(85,31): error CS1061: 'NorwayPaymentReferenceService' does not contain a definition for 'Validate' and no accessible extension method 'Validate' accepting a first argument of type 'NorwayPaymentReferenceService' could be found (are you missing a using directive or an assembly reference?) [C:\Users\flori\source\repos\Finova\Finova Nuget\tests\Finova.Tests\Finova.Tests.csproj::TargetFramework=net8.0]
C:\Users\flori\source\repos\Finova\Finova Nuget\tests\Finova.Tests\Norway\Services\NorwayPaymentReferenceServiceTests.cs(100,31): error CS1061: 'NorwayPaymentReferenceService' does not contain a definition for 'Validate' and no accessible extension method 'Validate' accepting a first argument of type 'NorwayPaymentReferenceService' could be found (are you missing a using directive or an assembly reference?) [C:\Users\flori\source\repos\Finova\Finova Nuget\tests\Finova.Tests\Finova.Tests.csproj::TargetFramework=net8.0]
C:\Users\flori\source\repos\Finova\Finova Nuget\tests\Finova.Tests\Norway\Services\NorwayPaymentReferenceServiceTests.cs(113,31): error CS1061: 'NorwayPaymentReferenceService' does not contain a definition for 'Validate' and no accessible extension method 'Validate' accepting a first argument of type 'NorwayPaymentReferenceService' could be found (are you missing a using directive or an assembly reference?) [C:\Users\flori\source\repos\Finova\Finova Nuget\tests\Finova.Tests\Finova.Tests.csproj::TargetFramework=net8.0]

Build FAILED.

C:\Users\flori\source\repos\Finova\Finova Nuget\tests\Finova.Tests\Switzerland\Services\SwitzerlandPaymentReferenceServiceTests.cs(65,18): error CS1061: 'SwitzerlandPaymentReferenceService' does not contain a definition for 'Validate' and no accessible extension method 'Validate' accepting a first argument of type 'SwitzerlandPaymentReferenceService' could be found (are you missing a using directive or an assembly reference?) [C:\Users\flori\source\repos\Finova\Finova Nuget\tests\Finova.Tests\Finova.Tests.csproj::TargetFramework=net10.0]
C:\Users\flori\source\repos\Finova\Finova Nuget\tests\Finova.Tests\Switzerland\Services\SwitzerlandPaymentReferenceServiceTests.cs(78,31): error CS1061: 'SwitzerlandPaymentReferenceService' does not contain a definition for 'Validate' and no accessible extension method 'Validate' accepting a first argument of type 'SwitzerlandPaymentReferenceService' could be found (are you missing a using directive or an assembly reference?) [C:\Users\flori\source\repos\Finova\Finova Nuget\tests\Finova.Tests\Finova.Tests.csproj::TargetFramework=net10.0]
C:\Users\flori\source\repos\Finova\Finova Nuget\tests\Finova.Tests\Switzerland\Services\SwitzerlandPaymentReferenceServiceTests.cs(93,31): error CS1061: 'SwitzerlandPaymentReferenceService' does not contain a definition for 'Validate' and no accessible extension method 'Validate' accepting a first argument of type 'SwitzerlandPaymentReferenceService' could be found (are you missing a using directive or an assembly reference?) [C:\Users\flori\source\repos\Finova\Finova Nuget\tests\Finova.Tests\Finova.Tests.csproj::TargetFramework=net10.0]
C:\Users\flori\source\repos\Finova\Finova Nuget\tests\Finova.Tests\Switzerland\Services\SwitzerlandPaymentReferenceServiceTests.cs(106,31): error CS1061: 'SwitzerlandPaymentReferenceService' does not contain a definition for 'Validate' and no accessible extension method 'Validate' accepting a first argument of type 'SwitzerlandPaymentReferenceService' could be found (are you missing a using directive or an assembly reference?) [C:\Users\flori\source\repos\Finova\Finova Nuget\tests\Finova.Tests\Finova.Tests.csproj::TargetFramework=net10.0]
C:\Users\flori\source\repos\Finova\Finova Nuget\tests\Finova.Tests\Sweden\Services\SwedenPaymentReferenceServiceTests.cs(55,18): error CS1061: 'SwedenPaymentReferenceService' does not contain a definition for 'Validate' and no accessible extension method 'Validate' accepting a first argument of type 'SwedenPaymentReferenceService' could be found (are you missing a using directive or an assembly reference?) [C:\Users\flori\source\repos\Finova\Finova Nuget\tests\Finova.Tests\Finova.Tests.csproj::TargetFramework=net10.0]
C:\Users\flori\source\repos\Finova\Finova Nuget\tests\Finova.Tests\Sweden\Services\SwedenPaymentReferenceServiceTests.cs(67,31): error CS1061: 'SwedenPaymentReferenceService' does not contain a definition for 'Validate' and no accessible extension method 'Validate' accepting a first argument of type 'SwedenPaymentReferenceService' could be found (are you missing a using directive or an assembly reference?) [C:\Users\flori\source\repos\Finova\Finova Nuget\tests\Finova.Tests\Finova.Tests.csproj::TargetFramework=net10.0]
C:\Users\flori\source\repos\Finova\Finova Nuget\tests\Finova.Tests\Sweden\Services\SwedenPaymentReferenceServiceTests.cs(83,31): error CS1061: 'SwedenPaymentReferenceService' does not contain a definition for 'Validate' and no accessible extension method 'Validate' accepting a first argument of type 'SwedenPaymentReferenceService' could be found (are you missing a using directive or an assembly reference?) [C:\Users\flori\source\repos\Finova\Finova Nuget\tests\Finova.Tests\Finova.Tests.csproj::TargetFramework=net10.0]
C:\Users\flori\source\repos\Finova\Finova Nuget\tests\Finova.Tests\Sweden\Services\SwedenPaymentReferenceServiceTests.cs(96,31): error CS1061: 'SwedenPaymentReferenceService' does not contain a definition for 'Validate' and no accessible extension method 'Validate' accepting a first argument of type 'SwedenPaymentReferenceService' could be found (are you missing a using directive or an assembly reference?) [C:\Users\flori\source\repos\Finova\Finova Nuget\tests\Finova.Tests\Finova.Tests.csproj::TargetFramework=net10.0]
C:\Users\flori\source\repos\Finova\Finova Nuget\tests\Finova.Tests\Slovenia\Services\SloveniaPaymentReferenceServiceTests.cs(45,18): error CS1061: 'SloveniaPaymentReferenceService' does not contain a definition for 'Validate' and no accessible extension method 'Validate' accepting a first argument of type 'SloveniaPaymentReferenceService' could be found (are you missing a using directive or an assembly reference?) [C:\Users\flori\source\repos\Finova\Finova Nuget\tests\Finova.Tests\Finova.Tests.csproj::TargetFramework=net10.0]
C:\Users\flori\source\repos\Finova\Finova Nuget\tests\Finova.Tests\Slovenia\Services\SloveniaPaymentReferenceServiceTests.cs(58,31): error CS1061: 'SloveniaPaymentReferenceService' does not contain a definition for 'Validate' and no accessible extension method 'Validate' accepting a first argument of type 'SloveniaPaymentReferenceService' could be found (are you missing a using directive or an assembly reference?) [C:\Users\flori\source\repos\Finova\Finova Nuget\tests\Finova.Tests\Finova.Tests.csproj::TargetFramework=net10.0]
C:\Users\flori\source\repos\Finova\Finova Nuget\tests\Finova.Tests\Slovenia\Services\SloveniaPaymentReferenceServiceTests.cs(74,31): error CS1061: 'SloveniaPaymentReferenceService' does not contain a definition for 'Validate' and no accessible extension method 'Validate' accepting a first argument of type 'SloveniaPaymentReferenceService' could be found (are you missing a using directive or an assembly reference?) [C:\Users\flori\source\repos\Finova\Finova Nuget\tests\Finova.Tests\Finova.Tests.csproj::TargetFramework=net10.0]
C:\Users\flori\source\repos\Finova\Finova Nuget\tests\Finova.Tests\Slovenia\Services\SloveniaPaymentReferenceServiceTests.cs(87,31): error CS1061: 'SloveniaPaymentReferenceService' does not contain a definition for 'Validate' and no accessible extension method 'Validate' accepting a first argument of type 'SloveniaPaymentReferenceService' could be found (are you missing a using directive or an assembly reference?) [C:\Users\flori\source\repos\Finova\Finova Nuget\tests\Finova.Tests\Finova.Tests.csproj::TargetFramework=net10.0]
C:\Users\flori\source\repos\Finova\Finova Nuget\tests\Finova.Tests\Norway\Services\NorwayPaymentReferenceServiceTests.cs(71,18): error CS1061: 'NorwayPaymentReferenceService' does not contain a definition for 'Validate' and no accessible extension method 'Validate' accepting a first argument of type 'NorwayPaymentReferenceService' could be found (are you missing a using directive or an assembly reference?) [C:\Users\flori\source\repos\Finova\Finova Nuget\tests\Finova.Tests\Finova.Tests.csproj::TargetFramework=net10.0]
C:\Users\flori\source\repos\Finova\Finova Nuget\tests\Finova.Tests\Norway\Services\NorwayPaymentReferenceServiceTests.cs(85,31): error CS1061: 'NorwayPaymentReferenceService' does not contain a definition for 'Validate' and no accessible extension method 'Validate' accepting a first argument of type 'NorwayPaymentReferenceService' could be found (are you missing a using directive or an assembly reference?) [C:\Users\flori\source\repos\Finova\Finova Nuget\tests\Finova.Tests\Finova.Tests.csproj::TargetFramework=net10.0]
C:\Users\flori\source\repos\Finova\Finova Nuget\tests\Finova.Tests\Norway\Services\NorwayPaymentReferenceServiceTests.cs(100,31): error CS1061: 'NorwayPaymentReferenceService' does not contain a definition for 'Validate' and no accessible extension method 'Validate' accepting a first argument of type 'NorwayPaymentReferenceService' could be found (are you missing a using directive or an assembly reference?) [C:\Users\flori\source\repos\Finova\Finova Nuget\tests\Finova.Tests\Finova.Tests.csproj::TargetFramework=net10.0]
C:\Users\flori\source\repos\Finova\Finova Nuget\tests\Finova.Tests\Norway\Services\NorwayPaymentReferenceServiceTests.cs(113,31): error CS1061: 'NorwayPaymentReferenceService' does not contain a definition for 'Validate' and no accessible extension method 'Validate' accepting a first argument of type 'NorwayPaymentReferenceService' could be found (are you missing a using directive or an assembly reference?) [C:\Users\flori\source\repos\Finova\Finova Nuget\tests\Finova.Tests\Finova.Tests.csproj::TargetFramework=net10.0]
C:\Users\flori\source\repos\Finova\Finova Nuget\tests\Finova.Tests\Finland\Services\FinlandPaymentReferenceServiceTests.cs(49,18): error CS1061: 'FinlandPaymentReferenceService' does not contain a definition for 'Validate' and no accessible extension method 'Validate' accepting a first argument of type 'FinlandPaymentReferenceService' could be found (are you missing a using directive or an assembly reference?) [C:\Users\flori\source\repos\Finova\Finova Nuget\tests\Finova.Tests\Finova.Tests.csproj::TargetFramework=net10.0]
C:\Users\flori\source\repos\Finova\Finova Nuget\tests\Finova.Tests\Finland\Services\FinlandPaymentReferenceServiceTests.cs(88,31): error CS1061: 'FinlandPaymentReferenceService' does not contain a definition for 'Validate' and no accessible extension method 'Validate' accepting a first argument of type 'FinlandPaymentReferenceService' could be found (are you missing a using directive or an assembly reference?) [C:\Users\flori\source\repos\Finova\Finova Nuget\tests\Finova.Tests\Finova.Tests.csproj::TargetFramework=net10.0]
C:\Users\flori\source\repos\Finova\Finova Nuget\tests\Finova.Tests\Finland\Services\FinlandPaymentReferenceServiceTests.cs(103,31): error CS1061: 'FinlandPaymentReferenceService' does not contain a definition for 'Validate' and no accessible extension method 'Validate' accepting a first argument of type 'FinlandPaymentReferenceService' could be found (are you missing a using directive or an assembly reference?) [C:\Users\flori\source\repos\Finova\Finova Nuget\tests\Finova.Tests\Finova.Tests.csproj::TargetFramework=net10.0]
C:\Users\flori\source\repos\Finova\Finova Nuget\tests\Finova.Tests\Finland\Services\FinlandPaymentReferenceServiceTests.cs(116,31): error CS1061: 'FinlandPaymentReferenceService' does not contain a definition for 'Validate' and no accessible extension method 'Validate' accepting a first argument of type 'FinlandPaymentReferenceService' could be found (are you missing a using directive or an assembly reference?) [C:\Users\flori\source\repos\Finova\Finova Nuget\tests\Finova.Tests\Finova.Tests.csproj::TargetFramework=net10.0]
C:\Users\flori\source\repos\Finova\Finova Nuget\tests\Finova.Tests\Belgium\Services\BelgianPaymentReferenceServiceTests.cs(54,18): error CS1061: 'BelgiumPaymentReferenceService' does not contain a definition for 'Validate' and no accessible extension method 'Validate' accepting a first argument of type 'BelgiumPaymentReferenceService' could be found (are you missing a using directive or an assembly reference?) [C:\Users\flori\source\repos\Finova\Finova Nuget\tests\Finova.Tests\Finova.Tests.csproj::TargetFramework=net10.0]
C:\Users\flori\source\repos\Finova\Finova Nuget\tests\Finova.Tests\Belgium\Services\BelgianPaymentReferenceServiceTests.cs(69,18): error CS1061: 'BelgiumPaymentReferenceService' does not contain a definition for 'Validate' and no accessible extension method 'Validate' accepting a first argument of type 'BelgiumPaymentReferenceService' could be found (are you missing a using directive or an assembly reference?) [C:\Users\flori\source\repos\Finova\Finova Nuget\tests\Finova.Tests\Finova.Tests.csproj::TargetFramework=net10.0]
C:\Users\flori\source\repos\Finova\Finova Nuget\tests\Finova.Tests\Belgium\Services\BelgianPaymentReferenceServiceTests.cs(98,18): error CS1061: 'BelgiumPaymentReferenceService' does not contain a definition for 'Validate' and no accessible extension method 'Validate' accepting a first argument of type 'BelgiumPaymentReferenceService' could be found (are you missing a using directive or an assembly reference?) [C:\Users\flori\source\repos\Finova\Finova Nuget\tests\Finova.Tests\Finova.Tests.csproj::TargetFramework=net10.0]
C:\Users\flori\source\repos\Finova\Finova Nuget\tests\Finova.Tests\Belgium\Services\BelgianPaymentReferenceServiceTests.cs(108,31): error CS1061: 'BelgiumPaymentReferenceService' does not contain a definition for 'Validate' and no accessible extension method 'Validate' accepting a first argument of type 'BelgiumPaymentReferenceService' could be found (are you missing a using directive or an assembly reference?) [C:\Users\flori\source\repos\Finova\Finova Nuget\tests\Finova.Tests\Finova.Tests.csproj::TargetFramework=net10.0]
C:\Users\flori\source\repos\Finova\Finova Nuget\tests\Finova.Tests\Belgium\Services\BelgianPaymentReferenceServiceTests.cs(121,31): error CS1061: 'BelgiumPaymentReferenceService' does not contain a definition for 'Validate' and no accessible extension method 'Validate' accepting a first argument of type 'BelgiumPaymentReferenceService' could be found (are you missing a using directive or an assembly reference?) [C:\Users\flori\source\repos\Finova\Finova Nuget\tests\Finova.Tests\Finova.Tests.csproj::TargetFramework=net10.0]
C:\Users\flori\source\repos\Finova\Finova Nuget\tests\Finova.Tests\Belgium\Services\BelgianPaymentReferenceServiceTests.cs(133,31): error CS1061: 'BelgiumPaymentReferenceService' does not contain a definition for 'Validate' and no accessible extension method 'Validate' accepting a first argument of type 'BelgiumPaymentReferenceService' could be found (are you missing a using directive or an assembly reference?) [C:\Users\flori\source\repos\Finova\Finova Nuget\tests\Finova.Tests\Finova.Tests.csproj::TargetFramework=net10.0]
C:\Users\flori\source\repos\Finova\Finova Nuget\tests\Finova.Tests\Belgium\Services\BelgianPaymentReferenceServiceTests.cs(146,31): error CS1061: 'BelgiumPaymentReferenceService' does not contain a definition for 'Validate' and no accessible extension method 'Validate' accepting a first argument of type 'BelgiumPaymentReferenceService' could be found (are you missing a using directive or an assembly reference?) [C:\Users\flori\source\repos\Finova\Finova Nuget\tests\Finova.Tests\Finova.Tests.csproj::TargetFramework=net10.0]
C:\Users\flori\source\repos\Finova\Finova Nuget\tests\Finova.Tests\Belgium\Services\BelgianPaymentReferenceServiceTests.cs(168,18): error CS1061: 'BelgiumPaymentReferenceService' does not contain a definition for 'Validate' and no accessible extension method 'Validate' accepting a first argument of type 'BelgiumPaymentReferenceService' could be found (are you missing a using directive or an assembly reference?) [C:\Users\flori\source\repos\Finova\Finova Nuget\tests\Finova.Tests\Finova.Tests.csproj::TargetFramework=net10.0]
C:\Users\flori\source\repos\Finova\Finova Nuget\tests\Finova.Tests\Belgium\Services\BelgianPaymentReferenceServiceTests.cs(182,18): error CS1061: 'BelgiumPaymentReferenceService' does not contain a definition for 'Validate' and no accessible extension method 'Validate' accepting a first argument of type 'BelgiumPaymentReferenceService' could be found (are you missing a using directive or an assembly reference?) [C:\Users\flori\source\repos\Finova\Finova Nuget\tests\Finova.Tests\Finova.Tests.csproj::TargetFramework=net10.0]
C:\Users\flori\source\repos\Finova\Finova Nuget\tests\Finova.Tests\Belgium\Services\BelgianPaymentReferenceServiceTests.cs(193,32): error CS1061: 'BelgiumPaymentReferenceService' does not contain a definition for 'Validate' and no accessible extension method 'Validate' accepting a first argument of type 'BelgiumPaymentReferenceService' could be found (are you missing a using directive or an assembly reference?) [C:\Users\flori\source\repos\Finova\Finova Nuget\tests\Finova.Tests\Finova.Tests.csproj::TargetFramework=net10.0]
C:\Users\flori\source\repos\Finova\Finova Nuget\tests\Finova.Tests\Belgium\Services\BelgianPaymentReferenceServiceTests.cs(194,32): error CS1061: 'BelgiumPaymentReferenceService' does not contain a definition for 'Validate' and no accessible extension method 'Validate' accepting a first argument of type 'BelgiumPaymentReferenceService' could be found (are you missing a using directive or an assembly reference?) [C:\Users\flori\source\repos\Finova\Finova Nuget\tests\Finova.Tests\Finova.Tests.csproj::TargetFramework=net10.0]
C:\Users\flori\source\repos\Finova\Finova Nuget\tests\Finova.Tests\Belgium\Services\BelgianPaymentReferenceServiceTests.cs(207,31): error CS1061: 'BelgiumPaymentReferenceService' does not contain a definition for 'Validate' and no accessible extension method 'Validate' accepting a first argument of type 'BelgiumPaymentReferenceService' could be found (are you missing a using directive or an assembly reference?) [C:\Users\flori\source\repos\Finova\Finova Nuget\tests\Finova.Tests\Finova.Tests.csproj::TargetFramework=net10.0]
C:\Users\flori\source\repos\Finova\Finova Nuget\tests\Finova.Tests\Belgium\Services\BelgianPaymentReferenceServiceTests.cs(260,18): error CS1061: 'BelgiumPaymentReferenceService' does not contain a definition for 'Validate' and no accessible extension method 'Validate' accepting a first argument of type 'BelgiumPaymentReferenceService' could be found (are you missing a using directive or an assembly reference?) [C:\Users\flori\source\repos\Finova\Finova Nuget\tests\Finova.Tests\Finova.Tests.csproj::TargetFramework=net10.0]
C:\Users\flori\source\repos\Finova\Finova Nuget\tests\Finova.Tests\Belgium\Services\BelgianPaymentReferenceServiceTests.cs(270,31): error CS1061: 'BelgiumPaymentReferenceService' does not contain a definition for 'Validate' and no accessible extension method 'Validate' accepting a first argument of type 'BelgiumPaymentReferenceService' could be found (are you missing a using directive or an assembly reference?) [C:\Users\flori\source\repos\Finova\Finova Nuget\tests\Finova.Tests\Finova.Tests.csproj::TargetFramework=net10.0]
C:\Users\flori\source\repos\Finova\Finova Nuget\tests\Finova.Tests\Belgium\Services\BelgianPaymentReferenceServiceTests.cs(282,31): error CS1061: 'BelgiumPaymentReferenceService' does not contain a definition for 'Validate' and no accessible extension method 'Validate' accepting a first argument of type 'BelgiumPaymentReferenceService' could be found (are you missing a using directive or an assembly reference?) [C:\Users\flori\source\repos\Finova\Finova Nuget\tests\Finova.Tests\Finova.Tests.csproj::TargetFramework=net10.0]
C:\Users\flori\source\repos\Finova\Finova Nuget\tests\Finova.Tests\Belgium\Services\BelgianPaymentReferenceServiceTests.cs(313,18): error CS1061: 'BelgiumPaymentReferenceService' does not contain a definition for 'Validate' and no accessible extension method 'Validate' accepting a first argument of type 'BelgiumPaymentReferenceService' could be found (are you missing a using directive or an assembly reference?) [C:\Users\flori\source\repos\Finova\Finova Nuget\tests\Finova.Tests\Finova.Tests.csproj::TargetFramework=net10.0]
C:\Users\flori\source\repos\Finova\Finova Nuget\tests\Finova.Tests\Belgium\Services\BelgianPaymentReferenceServiceTests.cs(327,18): error CS1061: 'BelgiumPaymentReferenceService' does not contain a definition for 'Validate' and no accessible extension method 'Validate' accepting a first argument of type 'BelgiumPaymentReferenceService' could be found (are you missing a using directive or an assembly reference?) [C:\Users\flori\source\repos\Finova\Finova Nuget\tests\Finova.Tests\Finova.Tests.csproj::TargetFramework=net10.0]
C:\Users\flori\source\repos\Finova\Finova Nuget\tests\Finova.Tests\Belgium\Services\BelgianPaymentReferenceServiceTests.cs(342,32): error CS1061: 'BelgiumPaymentReferenceService' does not contain a definition for 'Validate' and no accessible extension method 'Validate' accepting a first argument of type 'BelgiumPaymentReferenceService' could be found (are you missing a using directive or an assembly reference?) [C:\Users\flori\source\repos\Finova\Finova Nuget\tests\Finova.Tests\Finova.Tests.csproj::TargetFramework=net10.0]
C:\Users\flori\source\repos\Finova\Finova Nuget\tests\Finova.Tests\Belgium\Services\BelgianPaymentReferenceServiceTests.cs(356,32): error CS1061: 'BelgiumPaymentReferenceService' does not contain a definition for 'Validate' and no accessible extension method 'Validate' accepting a first argument of type 'BelgiumPaymentReferenceService' could be found (are you missing a using directive or an assembly reference?) [C:\Users\flori\source\repos\Finova\Finova Nuget\tests\Finova.Tests\Finova.Tests.csproj::TargetFramework=net10.0]
C:\Users\flori\source\repos\Finova\Finova Nuget\tests\Finova.Tests\Belgium\Services\BelgianPaymentReferenceServiceTests.cs(54,18): error CS1061: 'BelgiumPaymentReferenceService' does not contain a definition for 'Validate' and no accessible extension method 'Validate' accepting a first argument of type 'BelgiumPaymentReferenceService' could be found (are you missing a using directive or an assembly reference?) [C:\Users\flori\source\repos\Finova\Finova Nuget\tests\Finova.Tests\Finova.Tests.csproj::TargetFramework=net8.0]
C:\Users\flori\source\repos\Finova\Finova Nuget\tests\Finova.Tests\Belgium\Services\BelgianPaymentReferenceServiceTests.cs(69,18): error CS1061: 'BelgiumPaymentReferenceService' does not contain a definition for 'Validate' and no accessible extension method 'Validate' accepting a first argument of type 'BelgiumPaymentReferenceService' could be found (are you missing a using directive or an assembly reference?) [C:\Users\flori\source\repos\Finova\Finova Nuget\tests\Finova.Tests\Finova.Tests.csproj::TargetFramework=net8.0]
C:\Users\flori\source\repos\Finova\Finova Nuget\tests\Finova.Tests\Belgium\Services\BelgianPaymentReferenceServiceTests.cs(98,18): error CS1061: 'BelgiumPaymentReferenceService' does not contain a definition for 'Validate' and no accessible extension method 'Validate' accepting a first argument of type 'BelgiumPaymentReferenceService' could be found (are you missing a using directive or an assembly reference?) [C:\Users\flori\source\repos\Finova\Finova Nuget\tests\Finova.Tests\Finova.Tests.csproj::TargetFramework=net8.0]
C:\Users\flori\source\repos\Finova\Finova Nuget\tests\Finova.Tests\Belgium\Services\BelgianPaymentReferenceServiceTests.cs(108,31): error CS1061: 'BelgiumPaymentReferenceService' does not contain a definition for 'Validate' and no accessible extension method 'Validate' accepting a first argument of type 'BelgiumPaymentReferenceService' could be found (are you missing a using directive or an assembly reference?) [C:\Users\flori\source\repos\Finova\Finova Nuget\tests\Finova.Tests\Finova.Tests.csproj::TargetFramework=net8.0]
C:\Users\flori\source\repos\Finova\Finova Nuget\tests\Finova.Tests\Belgium\Services\BelgianPaymentReferenceServiceTests.cs(121,31): error CS1061: 'BelgiumPaymentReferenceService' does not contain a definition for 'Validate' and no accessible extension method 'Validate' accepting a first argument of type 'BelgiumPaymentReferenceService' could be found (are you missing a using directive or an assembly reference?) [C:\Users\flori\source\repos\Finova\Finova Nuget\tests\Finova.Tests\Finova.Tests.csproj::TargetFramework=net8.0]
C:\Users\flori\source\repos\Finova\Finova Nuget\tests\Finova.Tests\Belgium\Services\BelgianPaymentReferenceServiceTests.cs(133,31): error CS1061: 'BelgiumPaymentReferenceService' does not contain a definition for 'Validate' and no accessible extension method 'Validate' accepting a first argument of type 'BelgiumPaymentReferenceService' could be found (are you missing a using directive or an assembly reference?) [C:\Users\flori\source\repos\Finova\Finova Nuget\tests\Finova.Tests\Finova.Tests.csproj::TargetFramework=net8.0]
C:\Users\flori\source\repos\Finova\Finova Nuget\tests\Finova.Tests\Belgium\Services\BelgianPaymentReferenceServiceTests.cs(146,31): error CS1061: 'BelgiumPaymentReferenceService' does not contain a definition for 'Validate' and no accessible extension method 'Validate' accepting a first argument of type 'BelgiumPaymentReferenceService' could be found (are you missing a using directive or an assembly reference?) [C:\Users\flori\source\repos\Finova\Finova Nuget\tests\Finova.Tests\Finova.Tests.csproj::TargetFramework=net8.0]
C:\Users\flori\source\repos\Finova\Finova Nuget\tests\Finova.Tests\Belgium\Services\BelgianPaymentReferenceServiceTests.cs(168,18): error CS1061: 'BelgiumPaymentReferenceService' does not contain a definition for 'Validate' and no accessible extension method 'Validate' accepting a first argument of type 'BelgiumPaymentReferenceService' could be found (are you missing a using directive or an assembly reference?) [C:\Users\flori\source\repos\Finova\Finova Nuget\tests\Finova.Tests\Finova.Tests.csproj::TargetFramework=net8.0]
C:\Users\flori\source\repos\Finova\Finova Nuget\tests\Finova.Tests\Belgium\Services\BelgianPaymentReferenceServiceTests.cs(182,18): error CS1061: 'BelgiumPaymentReferenceService' does not contain a definition for 'Validate' and no accessible extension method 'Validate' accepting a first argument of type 'BelgiumPaymentReferenceService' could be found (are you missing a using directive or an assembly reference?) [C:\Users\flori\source\repos\Finova\Finova Nuget\tests\Finova.Tests\Finova.Tests.csproj::TargetFramework=net8.0]
C:\Users\flori\source\repos\Finova\Finova Nuget\tests\Finova.Tests\Belgium\Services\BelgianPaymentReferenceServiceTests.cs(193,32): error CS1061: 'BelgiumPaymentReferenceService' does not contain a definition for 'Validate' and no accessible extension method 'Validate' accepting a first argument of type 'BelgiumPaymentReferenceService' could be found (are you missing a using directive or an assembly reference?) [C:\Users\flori\source\repos\Finova\Finova Nuget\tests\Finova.Tests\Finova.Tests.csproj::TargetFramework=net8.0]
C:\Users\flori\source\repos\Finova\Finova Nuget\tests\Finova.Tests\Belgium\Services\BelgianPaymentReferenceServiceTests.cs(194,32): error CS1061: 'BelgiumPaymentReferenceService' does not contain a definition for 'Validate' and no accessible extension method 'Validate' accepting a first argument of type 'BelgiumPaymentReferenceService' could be found (are you missing a using directive or an assembly reference?) [C:\Users\flori\source\repos\Finova\Finova Nuget\tests\Finova.Tests\Finova.Tests.csproj::TargetFramework=net8.0]
C:\Users\flori\source\repos\Finova\Finova Nuget\tests\Finova.Tests\Belgium\Services\BelgianPaymentReferenceServiceTests.cs(207,31): error CS1061: 'BelgiumPaymentReferenceService' does not contain a definition for 'Validate' and no accessible extension method 'Validate' accepting a first argument of type 'BelgiumPaymentReferenceService' could be found (are you missing a using directive or an assembly reference?) [C:\Users\flori\source\repos\Finova\Finova Nuget\tests\Finova.Tests\Finova.Tests.csproj::TargetFramework=net8.0]
C:\Users\flori\source\repos\Finova\Finova Nuget\tests\Finova.Tests\Belgium\Services\BelgianPaymentReferenceServiceTests.cs(260,18): error CS1061: 'BelgiumPaymentReferenceService' does not contain a definition for 'Validate' and no accessible extension method 'Validate' accepting a first argument of type 'BelgiumPaymentReferenceService' could be found (are you missing a using directive or an assembly reference?) [C:\Users\flori\source\repos\Finova\Finova Nuget\tests\Finova.Tests\Finova.Tests.csproj::TargetFramework=net8.0]
C:\Users\flori\source\repos\Finova\Finova Nuget\tests\Finova.Tests\Belgium\Services\BelgianPaymentReferenceServiceTests.cs(270,31): error CS1061: 'BelgiumPaymentReferenceService' does not contain a definition for 'Validate' and no accessible extension method 'Validate' accepting a first argument of type 'BelgiumPaymentReferenceService' could be found (are you missing a using directive or an assembly reference?) [C:\Users\flori\source\repos\Finova\Finova Nuget\tests\Finova.Tests\Finova.Tests.csproj::TargetFramework=net8.0]
C:\Users\flori\source\repos\Finova\Finova Nuget\tests\Finova.Tests\Belgium\Services\BelgianPaymentReferenceServiceTests.cs(282,31): error CS1061: 'BelgiumPaymentReferenceService' does not contain a definition for 'Validate' and no accessible extension method 'Validate' accepting a first argument of type 'BelgiumPaymentReferenceService' could be found (are you missing a using directive or an assembly reference?) [C:\Users\flori\source\repos\Finova\Finova Nuget\tests\Finova.Tests\Finova.Tests.csproj::TargetFramework=net8.0]
C:\Users\flori\source\repos\Finova\Finova Nuget\tests\Finova.Tests\Belgium\Services\BelgianPaymentReferenceServiceTests.cs(313,18): error CS1061: 'BelgiumPaymentReferenceService' does not contain a definition for 'Validate' and no accessible extension method 'Validate' accepting a first argument of type 'BelgiumPaymentReferenceService' could be found (are you missing a using directive or an assembly reference?) [C:\Users\flori\source\repos\Finova\Finova Nuget\tests\Finova.Tests\Finova.Tests.csproj::TargetFramework=net8.0]
C:\Users\flori\source\repos\Finova\Finova Nuget\tests\Finova.Tests\Belgium\Services\BelgianPaymentReferenceServiceTests.cs(327,18): error CS1061: 'BelgiumPaymentReferenceService' does not contain a definition for 'Validate' and no accessible extension method 'Validate' accepting a first argument of type 'BelgiumPaymentReferenceService' could be found (are you missing a using directive or an assembly reference?) [C:\Users\flori\source\repos\Finova\Finova Nuget\tests\Finova.Tests\Finova.Tests.csproj::TargetFramework=net8.0]
C:\Users\flori\source\repos\Finova\Finova Nuget\tests\Finova.Tests\Belgium\Services\BelgianPaymentReferenceServiceTests.cs(342,32): error CS1061: 'BelgiumPaymentReferenceService' does not contain a definition for 'Validate' and no accessible extension method 'Validate' accepting a first argument of type 'BelgiumPaymentReferenceService' could be found (are you missing a using directive or an assembly reference?) [C:\Users\flori\source\repos\Finova\Finova Nuget\tests\Finova.Tests\Finova.Tests.csproj::TargetFramework=net8.0]
C:\Users\flori\source\repos\Finova\Finova Nuget\tests\Finova.Tests\Belgium\Services\BelgianPaymentReferenceServiceTests.cs(356,32): error CS1061: 'BelgiumPaymentReferenceService' does not contain a definition for 'Validate' and no accessible extension method 'Validate' accepting a first argument of type 'BelgiumPaymentReferenceService' could be found (are you missing a using directive or an assembly reference?) [C:\Users\flori\source\repos\Finova\Finova Nuget\tests\Finova.Tests\Finova.Tests.csproj::TargetFramework=net8.0]
C:\Users\flori\source\repos\Finova\Finova Nuget\tests\Finova.Tests\Finland\Services\FinlandPaymentReferenceServiceTests.cs(49,18): error CS1061: 'FinlandPaymentReferenceService' does not contain a definition for 'Validate' and no accessible extension method 'Validate' accepting a first argument of type 'FinlandPaymentReferenceService' could be found (are you missing a using directive or an assembly reference?) [C:\Users\flori\source\repos\Finova\Finova Nuget\tests\Finova.Tests\Finova.Tests.csproj::TargetFramework=net8.0]
C:\Users\flori\source\repos\Finova\Finova Nuget\tests\Finova.Tests\Finland\Services\FinlandPaymentReferenceServiceTests.cs(88,31): error CS1061: 'FinlandPaymentReferenceService' does not contain a definition for 'Validate' and no accessible extension method 'Validate' accepting a first argument of type 'FinlandPaymentReferenceService' could be found (are you missing a using directive or an assembly reference?) [C:\Users\flori\source\repos\Finova\Finova Nuget\tests\Finova.Tests\Finova.Tests.csproj::TargetFramework=net8.0]
C:\Users\flori\source\repos\Finova\Finova Nuget\tests\Finova.Tests\Finland\Services\FinlandPaymentReferenceServiceTests.cs(103,31): error CS1061: 'FinlandPaymentReferenceService' does not contain a definition for 'Validate' and no accessible extension method 'Validate' accepting a first argument of type 'FinlandPaymentReferenceService' could be found (are you missing a using directive or an assembly reference?) [C:\Users\flori\source\repos\Finova\Finova Nuget\tests\Finova.Tests\Finova.Tests.csproj::TargetFramework=net8.0]
C:\Users\flori\source\repos\Finova\Finova Nuget\tests\Finova.Tests\Finland\Services\FinlandPaymentReferenceServiceTests.cs(116,31): error CS1061: 'FinlandPaymentReferenceService' does not contain a definition for 'Validate' and no accessible extension method 'Validate' accepting a first argument of type 'FinlandPaymentReferenceService' could be found (are you missing a using directive or an assembly reference?) [C:\Users\flori\source\repos\Finova\Finova Nuget\tests\Finova.Tests\Finova.Tests.csproj::TargetFramework=net8.0]
C:\Users\flori\source\repos\Finova\Finova Nuget\tests\Finova.Tests\Switzerland\Services\SwitzerlandPaymentReferenceServiceTests.cs(65,18): error CS1061: 'SwitzerlandPaymentReferenceService' does not contain a definition for 'Validate' and no accessible extension method 'Validate' accepting a first argument of type 'SwitzerlandPaymentReferenceService' could be found (are you missing a using directive or an assembly reference?) [C:\Users\flori\source\repos\Finova\Finova Nuget\tests\Finova.Tests\Finova.Tests.csproj::TargetFramework=net8.0]
C:\Users\flori\source\repos\Finova\Finova Nuget\tests\Finova.Tests\Switzerland\Services\SwitzerlandPaymentReferenceServiceTests.cs(78,31): error CS1061: 'SwitzerlandPaymentReferenceService' does not contain a definition for 'Validate' and no accessible extension method 'Validate' accepting a first argument of type 'SwitzerlandPaymentReferenceService' could be found (are you missing a using directive or an assembly reference?) [C:\Users\flori\source\repos\Finova\Finova Nuget\tests\Finova.Tests\Finova.Tests.csproj::TargetFramework=net8.0]
C:\Users\flori\source\repos\Finova\Finova Nuget\tests\Finova.Tests\Switzerland\Services\SwitzerlandPaymentReferenceServiceTests.cs(93,31): error CS1061: 'SwitzerlandPaymentReferenceService' does not contain a definition for 'Validate' and no accessible extension method 'Validate' accepting a first argument of type 'SwitzerlandPaymentReferenceService' could be found (are you missing a using directive or an assembly reference?) [C:\Users\flori\source\repos\Finova\Finova Nuget\tests\Finova.Tests\Finova.Tests.csproj::TargetFramework=net8.0]
C:\Users\flori\source\repos\Finova\Finova Nuget\tests\Finova.Tests\Switzerland\Services\SwitzerlandPaymentReferenceServiceTests.cs(106,31): error CS1061: 'SwitzerlandPaymentReferenceService' does not contain a definition for 'Validate' and no accessible extension method 'Validate' accepting a first argument of type 'SwitzerlandPaymentReferenceService' could be found (are you missing a using directive or an assembly reference?) [C:\Users\flori\source\repos\Finova\Finova Nuget\tests\Finova.Tests\Finova.Tests.csproj::TargetFramework=net8.0]
C:\Users\flori\source\repos\Finova\Finova Nuget\tests\Finova.Tests\Sweden\Services\SwedenPaymentReferenceServiceTests.cs(55,18): error CS1061: 'SwedenPaymentReferenceService' does not contain a definition for 'Validate' and no accessible extension method 'Validate' accepting a first argument of type 'SwedenPaymentReferenceService' could be found (are you missing a using directive or an assembly reference?) [C:\Users\flori\source\repos\Finova\Finova Nuget\tests\Finova.Tests\Finova.Tests.csproj::TargetFramework=net8.0]
C:\Users\flori\source\repos\Finova\Finova Nuget\tests\Finova.Tests\Sweden\Services\SwedenPaymentReferenceServiceTests.cs(67,31): error CS1061: 'SwedenPaymentReferenceService' does not contain a definition for 'Validate' and no accessible extension method 'Validate' accepting a first argument of type 'SwedenPaymentReferenceService' could be found (are you missing a using directive or an assembly reference?) [C:\Users\flori\source\repos\Finova\Finova Nuget\tests\Finova.Tests\Finova.Tests.csproj::TargetFramework=net8.0]
C:\Users\flori\source\repos\Finova\Finova Nuget\tests\Finova.Tests\Sweden\Services\SwedenPaymentReferenceServiceTests.cs(83,31): error CS1061: 'SwedenPaymentReferenceService' does not contain a definition for 'Validate' and no accessible extension method 'Validate' accepting a first argument of type 'SwedenPaymentReferenceService' could be found (are you missing a using directive or an assembly reference?) [C:\Users\flori\source\repos\Finova\Finova Nuget\tests\Finova.Tests\Finova.Tests.csproj::TargetFramework=net8.0]
C:\Users\flori\source\repos\Finova\Finova Nuget\tests\Finova.Tests\Sweden\Services\SwedenPaymentReferenceServiceTests.cs(96,31): error CS1061: 'SwedenPaymentReferenceService' does not contain a definition for 'Validate' and no accessible extension method 'Validate' accepting a first argument of type 'SwedenPaymentReferenceService' could be found (are you missing a using directive or an assembly reference?) [C:\Users\flori\source\repos\Finova\Finova Nuget\tests\Finova.Tests\Finova.Tests.csproj::TargetFramework=net8.0]
C:\Users\flori\source\repos\Finova\Finova Nuget\tests\Finova.Tests\Slovenia\Services\SloveniaPaymentReferenceServiceTests.cs(45,18): error CS1061: 'SloveniaPaymentReferenceService' does not contain a definition for 'Validate' and no accessible extension method 'Validate' accepting a first argument of type 'SloveniaPaymentReferenceService' could be found (are you missing a using directive or an assembly reference?) [C:\Users\flori\source\repos\Finova\Finova Nuget\tests\Finova.Tests\Finova.Tests.csproj::TargetFramework=net8.0]
C:\Users\flori\source\repos\Finova\Finova Nuget\tests\Finova.Tests\Slovenia\Services\SloveniaPaymentReferenceServiceTests.cs(58,31): error CS1061: 'SloveniaPaymentReferenceService' does not contain a definition for 'Validate' and no accessible extension method 'Validate' accepting a first argument of type 'SloveniaPaymentReferenceService' could be found (are you missing a using directive or an assembly reference?) [C:\Users\flori\source\repos\Finova\Finova Nuget\tests\Finova.Tests\Finova.Tests.csproj::TargetFramework=net8.0]
C:\Users\flori\source\repos\Finova\Finova Nuget\tests\Finova.Tests\Slovenia\Services\SloveniaPaymentReferenceServiceTests.cs(74,31): error CS1061: 'SloveniaPaymentReferenceService' does not contain a definition for 'Validate' and no accessible extension method 'Validate' accepting a first argument of type 'SloveniaPaymentReferenceService' could be found (are you missing a using directive or an assembly reference?) [C:\Users\flori\source\repos\Finova\Finova Nuget\tests\Finova.Tests\Finova.Tests.csproj::TargetFramework=net8.0]
C:\Users\flori\source\repos\Finova\Finova Nuget\tests\Finova.Tests\Slovenia\Services\SloveniaPaymentReferenceServiceTests.cs(87,31): error CS1061: 'SloveniaPaymentReferenceService' does not contain a definition for 'Validate' and no accessible extension method 'Validate' accepting a first argument of type 'SloveniaPaymentReferenceService' could be found (are you missing a using directive or an assembly reference?) [C:\Users\flori\source\repos\Finova\Finova Nuget\tests\Finova.Tests\Finova.Tests.csproj::TargetFramework=net8.0]
C:\Users\flori\source\repos\Finova\Finova Nuget\tests\Finova.Tests\Norway\Services\NorwayPaymentReferenceServiceTests.cs(71,18): error CS1061: 'NorwayPaymentReferenceService' does not contain a definition for 'Validate' and no accessible extension method 'Validate' accepting a first argument of type 'NorwayPaymentReferenceService' could be found (are you missing a using directive or an assembly reference?) [C:\Users\flori\source\repos\Finova\Finova Nuget\tests\Finova.Tests\Finova.Tests.csproj::TargetFramework=net8.0]
C:\Users\flori\source\repos\Finova\Finova Nuget\tests\Finova.Tests\Norway\Services\NorwayPaymentReferenceServiceTests.cs(85,31): error CS1061: 'NorwayPaymentReferenceService' does not contain a definition for 'Validate' and no accessible extension method 'Validate' accepting a first argument of type 'NorwayPaymentReferenceService' could be found (are you missing a using directive or an assembly reference?) [C:\Users\flori\source\repos\Finova\Finova Nuget\tests\Finova.Tests\Finova.Tests.csproj::TargetFramework=net8.0]
C:\Users\flori\source\repos\Finova\Finova Nuget\tests\Finova.Tests\Norway\Services\NorwayPaymentReferenceServiceTests.cs(100,31): error CS1061: 'NorwayPaymentReferenceService' does not contain a definition for 'Validate' and no accessible extension method 'Validate' accepting a first argument of type 'NorwayPaymentReferenceService' could be found (are you missing a using directive or an assembly reference?) [C:\Users\flori\source\repos\Finova\Finova Nuget\tests\Finova.Tests\Finova.Tests.csproj::TargetFramework=net8.0]
C:\Users\flori\source\repos\Finova\Finova Nuget\tests\Finova.Tests\Norway\Services\NorwayPaymentReferenceServiceTests.cs(113,31): error CS1061: 'NorwayPaymentReferenceService' does not contain a definition for 'Validate' and no accessible extension method 'Validate' accepting a first argument of type 'NorwayPaymentReferenceService' could be found (are you missing a using directive or an assembly reference?) [C:\Users\flori\source\repos\Finova\Finova Nuget\tests\Finova.Tests\Finova.Tests.csproj::TargetFramework=net8.0]
    0 Warning(s)
    78 Error(s)

Time Elapsed 00:00:09.64
